15:51:13.792 [ApplicationImpl pooled thread 287] INFO  c.b.l.BrowserStackRunExtension - testng
15:51:13.792 [ApplicationImpl pooled thread 287] INFO  com.browserstack.utils.Helpers - null
15:51:13.793 [ApplicationImpl pooled thread 287] INFO  c.b.l.BrowserStackRunExtension - Agent path: null
15:51:47.395 [ApplicationImpl pooled thread 284] INFO  c.b.l.BrowserStackRunExtension - testng
15:51:47.396 [ApplicationImpl pooled thread 284] INFO  com.browserstack.utils.Helpers - null
15:51:47.396 [ApplicationImpl pooled thread 284] INFO  c.b.l.BrowserStackRunExtension - Agent path: null
15:52:52.318 [ApplicationImpl pooled thread 297] INFO  c.b.l.BrowserStackRunExtension - testng
15:52:52.318 [ApplicationImpl pooled thread 297] INFO  com.browserstack.utils.Helpers - null
15:52:52.319 [ApplicationImpl pooled thread 297] INFO  c.b.l.BrowserStackRunExtension - Agent path: null
16:06:27.044 [ApplicationImpl pooled thread 309] INFO  c.b.l.BrowserStackRunExtension - testng
16:06:27.045 [ApplicationImpl pooled thread 309] INFO  com.browserstack.utils.Helpers - null
16:06:27.047 [ApplicationImpl pooled thread 309] INFO  c.b.l.BrowserStackRunExtension - Agent path: null
16:09:40.771 [ApplicationImpl pooled thread 309] INFO  c.b.l.BrowserStackRunExtension - testng
16:09:40.771 [ApplicationImpl pooled thread 309] INFO  com.browserstack.utils.Helpers - null
16:09:40.771 [ApplicationImpl pooled thread 309] INFO  c.b.l.BrowserStackRunExtension - Agent path: null
10:32:46.422 [ApplicationImpl pooled thread 531] INFO  c.b.l.BrowserStackRunExtension - testng
10:32:46.422 [ApplicationImpl pooled thread 531] INFO  com.browserstack.utils.Helpers - null
10:32:46.423 [ApplicationImpl pooled thread 531] INFO  com.browserstack.utils.Helpers - /Users/sametozcelik/.m2/repository/com/browserstack/browserstack-java-sdk/1.11.0/browserstack-java-sdk-1.11.0.jar
10:32:46.423 [ApplicationImpl pooled thread 531] INFO  c.b.l.BrowserStackRunExtension - Agent path: /Users/sametozcelik/.m2/repository/com/browserstack/browserstack-java-sdk/1.11.0/browserstack-java-sdk-1.11.0.jar
10:32:46.423 [ApplicationImpl pooled thread 531] INFO  c.b.l.BrowserStackRunExtension - Plugin version: v1.1.2
10:48:48.370 [ApplicationImpl pooled thread 555] INFO  c.b.l.BrowserStackRunExtension - testng
10:48:48.371 [ApplicationImpl pooled thread 555] INFO  com.browserstack.utils.Helpers - null
10:48:48.374 [ApplicationImpl pooled thread 555] INFO  com.browserstack.utils.Helpers - /Users/sametozcelik/.m2/repository/com/browserstack/browserstack-java-sdk/1.11.0/browserstack-java-sdk-1.11.0.jar
10:48:48.374 [ApplicationImpl pooled thread 555] INFO  c.b.l.BrowserStackRunExtension - Agent path: /Users/sametozcelik/.m2/repository/com/browserstack/browserstack-java-sdk/1.11.0/browserstack-java-sdk-1.11.0.jar
10:48:48.374 [ApplicationImpl pooled thread 555] INFO  c.b.l.BrowserStackRunExtension - Plugin version: v1.1.2
10:51:16.315 [ApplicationImpl pooled thread 565] INFO  c.b.l.BrowserStackRunExtension - testng
10:51:16.315 [ApplicationImpl pooled thread 565] INFO  com.browserstack.utils.Helpers - null
10:51:16.317 [ApplicationImpl pooled thread 565] INFO  com.browserstack.utils.Helpers - /Users/sametozcelik/.m2/repository/com/browserstack/browserstack-java-sdk/1.11.0/browserstack-java-sdk-1.11.0.jar
10:51:16.317 [ApplicationImpl pooled thread 565] INFO  c.b.l.BrowserStackRunExtension - Agent path: /Users/sametozcelik/.m2/repository/com/browserstack/browserstack-java-sdk/1.11.0/browserstack-java-sdk-1.11.0.jar
10:51:16.317 [ApplicationImpl pooled thread 565] INFO  c.b.l.BrowserStackRunExtension - Plugin version: v1.1.2
11:00:55.959 [ApplicationImpl pooled thread 575] INFO  c.b.l.BrowserStackRunExtension - testng
11:00:55.960 [ApplicationImpl pooled thread 575] INFO  com.browserstack.utils.Helpers - null
11:00:55.961 [ApplicationImpl pooled thread 575] INFO  com.browserstack.utils.Helpers - /Users/sametozcelik/.m2/repository/com/browserstack/browserstack-java-sdk/1.11.0/browserstack-java-sdk-1.11.0.jar
11:00:55.961 [ApplicationImpl pooled thread 575] INFO  c.b.l.BrowserStackRunExtension - Agent path: /Users/sametozcelik/.m2/repository/com/browserstack/browserstack-java-sdk/1.11.0/browserstack-java-sdk-1.11.0.jar
11:00:55.961 [ApplicationImpl pooled thread 575] INFO  c.b.l.BrowserStackRunExtension - Plugin version: v1.1.2
11:21:06.327 [ApplicationImpl pooled thread 596] INFO  c.b.l.BrowserStackRunExtension - testng
11:21:06.327 [ApplicationImpl pooled thread 596] INFO  com.browserstack.utils.Helpers - null
11:21:06.328 [ApplicationImpl pooled thread 596] INFO  com.browserstack.utils.Helpers - /Users/sametozcelik/.m2/repository/com/browserstack/browserstack-java-sdk/1.11.0/browserstack-java-sdk-1.11.0.jar
11:21:06.328 [ApplicationImpl pooled thread 596] INFO  c.b.l.BrowserStackRunExtension - Agent path: /Users/sametozcelik/.m2/repository/com/browserstack/browserstack-java-sdk/1.11.0/browserstack-java-sdk-1.11.0.jar
11:21:06.328 [ApplicationImpl pooled thread 596] INFO  c.b.l.BrowserStackRunExtension - Plugin version: v1.1.2
11:21:15.877 [ApplicationImpl pooled thread 582] INFO  c.b.l.BrowserStackRunExtension - testng
11:21:15.877 [ApplicationImpl pooled thread 582] INFO  com.browserstack.utils.Helpers - null
11:21:15.878 [ApplicationImpl pooled thread 582] INFO  com.browserstack.utils.Helpers - /Users/sametozcelik/.m2/repository/com/browserstack/browserstack-java-sdk/1.11.0/browserstack-java-sdk-1.11.0.jar
11:21:15.878 [ApplicationImpl pooled thread 582] INFO  c.b.l.BrowserStackRunExtension - Agent path: /Users/sametozcelik/.m2/repository/com/browserstack/browserstack-java-sdk/1.11.0/browserstack-java-sdk-1.11.0.jar
11:21:15.878 [ApplicationImpl pooled thread 582] INFO  c.b.l.BrowserStackRunExtension - Plugin version: v1.1.2
11:22:49.270 [ApplicationImpl pooled thread 602] INFO  c.b.l.BrowserStackRunExtension - testng
11:22:49.271 [ApplicationImpl pooled thread 602] INFO  com.browserstack.utils.Helpers - null
11:22:49.271 [ApplicationImpl pooled thread 602] INFO  com.browserstack.utils.Helpers - /Users/sametozcelik/.m2/repository/com/browserstack/browserstack-java-sdk/1.11.0/browserstack-java-sdk-1.11.0.jar
11:22:49.272 [ApplicationImpl pooled thread 602] INFO  c.b.l.BrowserStackRunExtension - Agent path: /Users/sametozcelik/.m2/repository/com/browserstack/browserstack-java-sdk/1.11.0/browserstack-java-sdk-1.11.0.jar
11:22:49.272 [ApplicationImpl pooled thread 602] INFO  c.b.l.BrowserStackRunExtension - Plugin version: v1.1.2
11:23:12.258 [ApplicationImpl pooled thread 601] INFO  c.b.l.BrowserStackRunExtension - testng
11:23:12.258 [ApplicationImpl pooled thread 601] INFO  com.browserstack.utils.Helpers - null
11:23:12.258 [ApplicationImpl pooled thread 601] INFO  com.browserstack.utils.Helpers - /Users/sametozcelik/.m2/repository/com/browserstack/browserstack-java-sdk/1.11.0/browserstack-java-sdk-1.11.0.jar
11:23:12.258 [ApplicationImpl pooled thread 601] INFO  c.b.l.BrowserStackRunExtension - Agent path: /Users/sametozcelik/.m2/repository/com/browserstack/browserstack-java-sdk/1.11.0/browserstack-java-sdk-1.11.0.jar
11:23:12.258 [ApplicationImpl pooled thread 601] INFO  c.b.l.BrowserStackRunExtension - Plugin version: v1.1.2
11:28:52.326 [ApplicationImpl pooled thread 611] INFO  c.b.l.BrowserStackRunExtension - testng
11:28:52.327 [ApplicationImpl pooled thread 611] INFO  com.browserstack.utils.Helpers - null
11:28:52.327 [ApplicationImpl pooled thread 611] INFO  com.browserstack.utils.Helpers - /Users/sametozcelik/.m2/repository/com/browserstack/browserstack-java-sdk/1.11.0/browserstack-java-sdk-1.11.0.jar
11:28:52.328 [ApplicationImpl pooled thread 611] INFO  c.b.l.BrowserStackRunExtension - Agent path: /Users/sametozcelik/.m2/repository/com/browserstack/browserstack-java-sdk/1.11.0/browserstack-java-sdk-1.11.0.jar
11:28:52.328 [ApplicationImpl pooled thread 611] INFO  c.b.l.BrowserStackRunExtension - Plugin version: v1.1.2
11:42:03.248 [ApplicationImpl pooled thread 628] INFO  c.b.l.BrowserStackRunExtension - testng
11:42:03.248 [ApplicationImpl pooled thread 628] INFO  com.browserstack.utils.Helpers - null
11:42:03.251 [ApplicationImpl pooled thread 628] INFO  com.browserstack.utils.Helpers - /Users/sametozcelik/.m2/repository/com/browserstack/browserstack-java-sdk/1.11.0/browserstack-java-sdk-1.11.0.jar
11:42:03.251 [ApplicationImpl pooled thread 628] INFO  c.b.l.BrowserStackRunExtension - Agent path: /Users/sametozcelik/.m2/repository/com/browserstack/browserstack-java-sdk/1.11.0/browserstack-java-sdk-1.11.0.jar
11:42:03.251 [ApplicationImpl pooled thread 628] INFO  c.b.l.BrowserStackRunExtension - Plugin version: v1.1.2
11:58:50.772 [ApplicationImpl pooled thread 645] INFO  c.b.l.BrowserStackRunExtension - testng
11:58:50.772 [ApplicationImpl pooled thread 645] INFO  com.browserstack.utils.Helpers - null
11:58:50.773 [ApplicationImpl pooled thread 645] INFO  com.browserstack.utils.Helpers - /Users/sametozcelik/.m2/repository/com/browserstack/browserstack-java-sdk/1.11.0/browserstack-java-sdk-1.11.0.jar
11:58:50.773 [ApplicationImpl pooled thread 645] INFO  c.b.l.BrowserStackRunExtension - Agent path: /Users/sametozcelik/.m2/repository/com/browserstack/browserstack-java-sdk/1.11.0/browserstack-java-sdk-1.11.0.jar
11:58:50.773 [ApplicationImpl pooled thread 645] INFO  c.b.l.BrowserStackRunExtension - Plugin version: v1.1.2
12:08:21.454 [ApplicationImpl pooled thread 646] INFO  c.b.l.BrowserStackRunExtension - testng
12:08:21.454 [ApplicationImpl pooled thread 646] INFO  com.browserstack.utils.Helpers - null
12:08:21.455 [ApplicationImpl pooled thread 646] INFO  com.browserstack.utils.Helpers - /Users/sametozcelik/.m2/repository/com/browserstack/browserstack-java-sdk/1.11.0/browserstack-java-sdk-1.11.0.jar
12:08:21.455 [ApplicationImpl pooled thread 646] INFO  c.b.l.BrowserStackRunExtension - Agent path: /Users/sametozcelik/.m2/repository/com/browserstack/browserstack-java-sdk/1.11.0/browserstack-java-sdk-1.11.0.jar
12:08:21.455 [ApplicationImpl pooled thread 646] INFO  c.b.l.BrowserStackRunExtension - Plugin version: v1.1.2
12:11:50.134 [ApplicationImpl pooled thread 647] INFO  c.b.l.BrowserStackRunExtension - testng
12:11:50.135 [ApplicationImpl pooled thread 647] INFO  com.browserstack.utils.Helpers - null
12:11:50.135 [ApplicationImpl pooled thread 647] INFO  com.browserstack.utils.Helpers - /Users/sametozcelik/.m2/repository/com/browserstack/browserstack-java-sdk/1.11.0/browserstack-java-sdk-1.11.0.jar
12:11:50.135 [ApplicationImpl pooled thread 647] INFO  c.b.l.BrowserStackRunExtension - Agent path: /Users/sametozcelik/.m2/repository/com/browserstack/browserstack-java-sdk/1.11.0/browserstack-java-sdk-1.11.0.jar
12:11:50.135 [ApplicationImpl pooled thread 647] INFO  c.b.l.BrowserStackRunExtension - Plugin version: v1.1.2
12:12:12.224 [ApplicationImpl pooled thread 661] INFO  c.b.l.BrowserStackRunExtension - testng
12:12:12.224 [ApplicationImpl pooled thread 661] INFO  com.browserstack.utils.Helpers - null
12:12:12.225 [ApplicationImpl pooled thread 661] INFO  com.browserstack.utils.Helpers - /Users/sametozcelik/.m2/repository/com/browserstack/browserstack-java-sdk/1.11.0/browserstack-java-sdk-1.11.0.jar
12:12:12.225 [ApplicationImpl pooled thread 661] INFO  c.b.l.BrowserStackRunExtension - Agent path: /Users/sametozcelik/.m2/repository/com/browserstack/browserstack-java-sdk/1.11.0/browserstack-java-sdk-1.11.0.jar
12:12:12.225 [ApplicationImpl pooled thread 661] INFO  c.b.l.BrowserStackRunExtension - Plugin version: v1.1.2
12:13:13.120 [ApplicationImpl pooled thread 663] INFO  c.b.l.BrowserStackRunExtension - testng
12:13:13.121 [ApplicationImpl pooled thread 663] INFO  com.browserstack.utils.Helpers - null
12:13:13.122 [ApplicationImpl pooled thread 663] INFO  com.browserstack.utils.Helpers - /Users/sametozcelik/.m2/repository/com/browserstack/browserstack-java-sdk/1.11.0/browserstack-java-sdk-1.11.0.jar
12:13:13.122 [ApplicationImpl pooled thread 663] INFO  c.b.l.BrowserStackRunExtension - Agent path: /Users/sametozcelik/.m2/repository/com/browserstack/browserstack-java-sdk/1.11.0/browserstack-java-sdk-1.11.0.jar
12:13:13.122 [ApplicationImpl pooled thread 663] INFO  c.b.l.BrowserStackRunExtension - Plugin version: v1.1.2
12:13:28.182 [ApplicationImpl pooled thread 646] INFO  c.b.l.BrowserStackRunExtension - testng
12:13:28.182 [ApplicationImpl pooled thread 646] INFO  com.browserstack.utils.Helpers - null
12:13:28.183 [ApplicationImpl pooled thread 646] INFO  com.browserstack.utils.Helpers - /Users/sametozcelik/.m2/repository/com/browserstack/browserstack-java-sdk/1.11.0/browserstack-java-sdk-1.11.0.jar
12:13:28.183 [ApplicationImpl pooled thread 646] INFO  c.b.l.BrowserStackRunExtension - Agent path: /Users/sametozcelik/.m2/repository/com/browserstack/browserstack-java-sdk/1.11.0/browserstack-java-sdk-1.11.0.jar
12:13:28.183 [ApplicationImpl pooled thread 646] INFO  c.b.l.BrowserStackRunExtension - Plugin version: v1.1.2
12:13:38.694 [ApplicationImpl pooled thread 663] INFO  c.b.l.BrowserStackRunExtension - testng
12:13:38.694 [ApplicationImpl pooled thread 663] INFO  com.browserstack.utils.Helpers - null
12:13:38.695 [ApplicationImpl pooled thread 663] INFO  com.browserstack.utils.Helpers - /Users/sametozcelik/.m2/repository/com/browserstack/browserstack-java-sdk/1.11.0/browserstack-java-sdk-1.11.0.jar
12:13:38.695 [ApplicationImpl pooled thread 663] INFO  c.b.l.BrowserStackRunExtension - Agent path: /Users/sametozcelik/.m2/repository/com/browserstack/browserstack-java-sdk/1.11.0/browserstack-java-sdk-1.11.0.jar
12:13:38.695 [ApplicationImpl pooled thread 663] INFO  c.b.l.BrowserStackRunExtension - Plugin version: v1.1.2
12:24:03.268 [ApplicationImpl pooled thread 671] INFO  c.b.l.BrowserStackRunExtension - testng
12:24:03.268 [ApplicationImpl pooled thread 671] INFO  com.browserstack.utils.Helpers - null
12:24:03.270 [ApplicationImpl pooled thread 671] INFO  com.browserstack.utils.Helpers - /Users/sametozcelik/.m2/repository/com/browserstack/browserstack-java-sdk/1.11.0/browserstack-java-sdk-1.11.0.jar
12:24:03.271 [ApplicationImpl pooled thread 671] INFO  c.b.l.BrowserStackRunExtension - Agent path: /Users/sametozcelik/.m2/repository/com/browserstack/browserstack-java-sdk/1.11.0/browserstack-java-sdk-1.11.0.jar
12:24:03.271 [ApplicationImpl pooled thread 671] INFO  c.b.l.BrowserStackRunExtension - Plugin version: v1.1.2
14:15:56.045 [ApplicationImpl pooled thread 766] INFO  c.b.l.BrowserStackRunExtension - testng
14:15:56.045 [ApplicationImpl pooled thread 766] INFO  com.browserstack.utils.Helpers - null
14:15:56.046 [ApplicationImpl pooled thread 766] INFO  com.browserstack.utils.Helpers - /Users/sametozcelik/.m2/repository/com/browserstack/browserstack-java-sdk/1.11.0/browserstack-java-sdk-1.11.0.jar
14:15:56.046 [ApplicationImpl pooled thread 766] INFO  c.b.l.BrowserStackRunExtension - Agent path: /Users/sametozcelik/.m2/repository/com/browserstack/browserstack-java-sdk/1.11.0/browserstack-java-sdk-1.11.0.jar
14:15:56.047 [ApplicationImpl pooled thread 766] INFO  c.b.l.BrowserStackRunExtension - Plugin version: v1.1.2
14:35:24.848 [ApplicationImpl pooled thread 801] INFO  c.b.l.BrowserStackRunExtension - testng
14:35:24.848 [ApplicationImpl pooled thread 801] INFO  com.browserstack.utils.Helpers - null
14:35:24.849 [ApplicationImpl pooled thread 801] INFO  com.browserstack.utils.Helpers - /Users/sametozcelik/.m2/repository/com/browserstack/browserstack-java-sdk/1.11.0/browserstack-java-sdk-1.11.0.jar
14:35:24.849 [ApplicationImpl pooled thread 801] INFO  c.b.l.BrowserStackRunExtension - Agent path: /Users/sametozcelik/.m2/repository/com/browserstack/browserstack-java-sdk/1.11.0/browserstack-java-sdk-1.11.0.jar
14:35:24.849 [ApplicationImpl pooled thread 801] INFO  c.b.l.BrowserStackRunExtension - Plugin version: v1.1.2
10:45:46.571 [ApplicationImpl pooled thread 106] INFO  c.b.l.BrowserStackRunExtension - testng
10:45:46.572 [ApplicationImpl pooled thread 106] INFO  com.browserstack.utils.Helpers - null
10:45:46.572 [ApplicationImpl pooled thread 106] INFO  com.browserstack.utils.Helpers - /Users/sametozcelik/.m2/repository/com/browserstack/browserstack-java-sdk/1.11.0/browserstack-java-sdk-1.11.0.jar
10:45:46.572 [ApplicationImpl pooled thread 106] INFO  c.b.l.BrowserStackRunExtension - Agent path: /Users/sametozcelik/.m2/repository/com/browserstack/browserstack-java-sdk/1.11.0/browserstack-java-sdk-1.11.0.jar
10:45:46.572 [ApplicationImpl pooled thread 106] INFO  c.b.l.BrowserStackRunExtension - Plugin version: v1.1.2
10:46:42.400 [ApplicationImpl pooled thread 119] INFO  c.b.l.BrowserStackRunExtension - testng
10:46:42.400 [ApplicationImpl pooled thread 119] INFO  com.browserstack.utils.Helpers - null
10:46:42.401 [ApplicationImpl pooled thread 119] INFO  com.browserstack.utils.Helpers - /Users/sametozcelik/.m2/repository/com/browserstack/browserstack-java-sdk/1.11.0/browserstack-java-sdk-1.11.0.jar
10:46:42.401 [ApplicationImpl pooled thread 119] INFO  c.b.l.BrowserStackRunExtension - Agent path: /Users/sametozcelik/.m2/repository/com/browserstack/browserstack-java-sdk/1.11.0/browserstack-java-sdk-1.11.0.jar
10:46:42.401 [ApplicationImpl pooled thread 119] INFO  c.b.l.BrowserStackRunExtension - Plugin version: v1.1.2
10:47:10.827 [ApplicationImpl pooled thread 107] INFO  c.b.l.BrowserStackRunExtension - testng
10:47:10.828 [ApplicationImpl pooled thread 107] INFO  com.browserstack.utils.Helpers - null
10:47:10.828 [ApplicationImpl pooled thread 107] INFO  com.browserstack.utils.Helpers - /Users/sametozcelik/.m2/repository/com/browserstack/browserstack-java-sdk/1.11.0/browserstack-java-sdk-1.11.0.jar
10:47:10.828 [ApplicationImpl pooled thread 107] INFO  c.b.l.BrowserStackRunExtension - Agent path: /Users/sametozcelik/.m2/repository/com/browserstack/browserstack-java-sdk/1.11.0/browserstack-java-sdk-1.11.0.jar
10:47:10.829 [ApplicationImpl pooled thread 107] INFO  c.b.l.BrowserStackRunExtension - Plugin version: v1.1.2
10:48:56.690 [ApplicationImpl pooled thread 118] INFO  c.b.l.BrowserStackRunExtension - testng
10:48:56.690 [ApplicationImpl pooled thread 118] INFO  com.browserstack.utils.Helpers - null
10:48:56.691 [ApplicationImpl pooled thread 118] INFO  com.browserstack.utils.Helpers - /Users/sametozcelik/.m2/repository/com/browserstack/browserstack-java-sdk/1.11.0/browserstack-java-sdk-1.11.0.jar
10:48:56.691 [ApplicationImpl pooled thread 118] INFO  c.b.l.BrowserStackRunExtension - Agent path: /Users/sametozcelik/.m2/repository/com/browserstack/browserstack-java-sdk/1.11.0/browserstack-java-sdk-1.11.0.jar
10:48:56.691 [ApplicationImpl pooled thread 118] INFO  c.b.l.BrowserStackRunExtension - Plugin version: v1.1.2
10:49:16.841 [ApplicationImpl pooled thread 115] INFO  c.b.l.BrowserStackRunExtension - testng
10:49:16.841 [ApplicationImpl pooled thread 115] INFO  com.browserstack.utils.Helpers - null
10:49:16.842 [ApplicationImpl pooled thread 115] INFO  com.browserstack.utils.Helpers - /Users/sametozcelik/.m2/repository/com/browserstack/browserstack-java-sdk/1.11.0/browserstack-java-sdk-1.11.0.jar
10:49:16.842 [ApplicationImpl pooled thread 115] INFO  c.b.l.BrowserStackRunExtension - Agent path: /Users/sametozcelik/.m2/repository/com/browserstack/browserstack-java-sdk/1.11.0/browserstack-java-sdk-1.11.0.jar
10:49:16.842 [ApplicationImpl pooled thread 115] INFO  c.b.l.BrowserStackRunExtension - Plugin version: v1.1.2
11:06:27.407 [ApplicationImpl pooled thread 133] INFO  c.b.l.BrowserStackRunExtension - testng
11:06:27.407 [ApplicationImpl pooled thread 133] INFO  com.browserstack.utils.Helpers - null
11:06:27.408 [ApplicationImpl pooled thread 133] INFO  com.browserstack.utils.Helpers - /Users/sametozcelik/.m2/repository/com/browserstack/browserstack-java-sdk/1.11.0/browserstack-java-sdk-1.11.0.jar
11:06:27.408 [ApplicationImpl pooled thread 133] INFO  c.b.l.BrowserStackRunExtension - Agent path: /Users/sametozcelik/.m2/repository/com/browserstack/browserstack-java-sdk/1.11.0/browserstack-java-sdk-1.11.0.jar
11:06:27.408 [ApplicationImpl pooled thread 133] INFO  c.b.l.BrowserStackRunExtension - Plugin version: v1.1.2
11:06:51.967 [ApplicationImpl pooled thread 111] INFO  c.b.l.BrowserStackRunExtension - testng
11:06:51.967 [ApplicationImpl pooled thread 111] INFO  com.browserstack.utils.Helpers - null
11:06:51.968 [ApplicationImpl pooled thread 111] INFO  com.browserstack.utils.Helpers - /Users/sametozcelik/.m2/repository/com/browserstack/browserstack-java-sdk/1.11.0/browserstack-java-sdk-1.11.0.jar
11:06:51.968 [ApplicationImpl pooled thread 111] INFO  c.b.l.BrowserStackRunExtension - Agent path: /Users/sametozcelik/.m2/repository/com/browserstack/browserstack-java-sdk/1.11.0/browserstack-java-sdk-1.11.0.jar
11:06:51.968 [ApplicationImpl pooled thread 111] INFO  c.b.l.BrowserStackRunExtension - Plugin version: v1.1.2
11:08:08.338 [ApplicationImpl pooled thread 125] INFO  c.b.l.BrowserStackRunExtension - testng
11:08:08.338 [ApplicationImpl pooled thread 125] INFO  com.browserstack.utils.Helpers - null
11:08:08.339 [ApplicationImpl pooled thread 125] INFO  com.browserstack.utils.Helpers - /Users/sametozcelik/.m2/repository/com/browserstack/browserstack-java-sdk/1.11.0/browserstack-java-sdk-1.11.0.jar
11:08:08.339 [ApplicationImpl pooled thread 125] INFO  c.b.l.BrowserStackRunExtension - Agent path: /Users/sametozcelik/.m2/repository/com/browserstack/browserstack-java-sdk/1.11.0/browserstack-java-sdk-1.11.0.jar
11:08:08.339 [ApplicationImpl pooled thread 125] INFO  c.b.l.BrowserStackRunExtension - Plugin version: v1.1.2
11:16:59.124 [ApplicationImpl pooled thread 141] INFO  c.b.l.BrowserStackRunExtension - testng
11:16:59.124 [ApplicationImpl pooled thread 141] INFO  com.browserstack.utils.Helpers - null
11:16:59.125 [ApplicationImpl pooled thread 141] INFO  com.browserstack.utils.Helpers - /Users/sametozcelik/.m2/repository/com/browserstack/browserstack-java-sdk/1.11.0/browserstack-java-sdk-1.11.0.jar
11:16:59.125 [ApplicationImpl pooled thread 141] INFO  c.b.l.BrowserStackRunExtension - Agent path: /Users/sametozcelik/.m2/repository/com/browserstack/browserstack-java-sdk/1.11.0/browserstack-java-sdk-1.11.0.jar
11:16:59.125 [ApplicationImpl pooled thread 141] INFO  c.b.l.BrowserStackRunExtension - Plugin version: v1.1.2
11:17:13.272 [ApplicationImpl pooled thread 142] INFO  c.b.l.BrowserStackRunExtension - testng
11:17:13.272 [ApplicationImpl pooled thread 142] INFO  com.browserstack.utils.Helpers - null
11:17:13.273 [ApplicationImpl pooled thread 142] INFO  com.browserstack.utils.Helpers - /Users/sametozcelik/.m2/repository/com/browserstack/browserstack-java-sdk/1.11.0/browserstack-java-sdk-1.11.0.jar
11:17:13.274 [ApplicationImpl pooled thread 142] INFO  c.b.l.BrowserStackRunExtension - Agent path: /Users/sametozcelik/.m2/repository/com/browserstack/browserstack-java-sdk/1.11.0/browserstack-java-sdk-1.11.0.jar
11:17:13.274 [ApplicationImpl pooled thread 142] INFO  c.b.l.BrowserStackRunExtension - Plugin version: v1.1.2
11:39:02.820 [ApplicationImpl pooled thread 131] INFO  c.b.l.BrowserStackRunExtension - testng
11:39:02.820 [ApplicationImpl pooled thread 131] INFO  com.browserstack.utils.Helpers - null
11:39:02.821 [ApplicationImpl pooled thread 131] INFO  com.browserstack.utils.Helpers - /Users/sametozcelik/.m2/repository/com/browserstack/browserstack-java-sdk/1.11.0/browserstack-java-sdk-1.11.0.jar
11:39:02.821 [ApplicationImpl pooled thread 131] INFO  c.b.l.BrowserStackRunExtension - Agent path: /Users/sametozcelik/.m2/repository/com/browserstack/browserstack-java-sdk/1.11.0/browserstack-java-sdk-1.11.0.jar
11:39:02.821 [ApplicationImpl pooled thread 131] INFO  c.b.l.BrowserStackRunExtension - Plugin version: v1.1.2
12:26:10.994 [ApplicationImpl pooled thread 169] INFO  c.b.l.BrowserStackRunExtension - testng
12:26:10.994 [ApplicationImpl pooled thread 169] INFO  com.browserstack.utils.Helpers - null
12:26:10.996 [ApplicationImpl pooled thread 169] INFO  com.browserstack.utils.Helpers - /Users/sametozcelik/.m2/repository/com/browserstack/browserstack-java-sdk/1.11.0/browserstack-java-sdk-1.11.0.jar
12:26:10.996 [ApplicationImpl pooled thread 169] INFO  c.b.l.BrowserStackRunExtension - Agent path: /Users/sametozcelik/.m2/repository/com/browserstack/browserstack-java-sdk/1.11.0/browserstack-java-sdk-1.11.0.jar
12:26:10.996 [ApplicationImpl pooled thread 169] INFO  c.b.l.BrowserStackRunExtension - Plugin version: v1.1.2
14:33:05.899 [ApplicationImpl pooled thread 298] INFO  c.b.l.BrowserStackRunExtension - testng
14:33:05.900 [ApplicationImpl pooled thread 298] INFO  com.browserstack.utils.Helpers - null
14:33:05.901 [ApplicationImpl pooled thread 298] INFO  com.browserstack.utils.Helpers - /Users/sametozcelik/.m2/repository/com/browserstack/browserstack-java-sdk/1.11.0/browserstack-java-sdk-1.11.0.jar
14:33:05.901 [ApplicationImpl pooled thread 298] INFO  c.b.l.BrowserStackRunExtension - Agent path: /Users/sametozcelik/.m2/repository/com/browserstack/browserstack-java-sdk/1.11.0/browserstack-java-sdk-1.11.0.jar
14:33:05.901 [ApplicationImpl pooled thread 298] INFO  c.b.l.BrowserStackRunExtension - Plugin version: v1.1.2
14:59:57.262 [ApplicationImpl pooled thread 343] INFO  c.b.l.BrowserStackRunExtension - testng
14:59:57.262 [ApplicationImpl pooled thread 343] INFO  com.browserstack.utils.Helpers - null
14:59:57.263 [ApplicationImpl pooled thread 343] INFO  com.browserstack.utils.Helpers - /Users/sametozcelik/.m2/repository/com/browserstack/browserstack-java-sdk/1.11.0/browserstack-java-sdk-1.11.0.jar
14:59:57.263 [ApplicationImpl pooled thread 343] INFO  c.b.l.BrowserStackRunExtension - Agent path: /Users/sametozcelik/.m2/repository/com/browserstack/browserstack-java-sdk/1.11.0/browserstack-java-sdk-1.11.0.jar
14:59:57.264 [ApplicationImpl pooled thread 343] INFO  c.b.l.BrowserStackRunExtension - Plugin version: v1.1.2
15:15:21.758 [ApplicationImpl pooled thread 356] INFO  c.b.l.BrowserStackRunExtension - testng
15:15:21.760 [ApplicationImpl pooled thread 356] INFO  com.browserstack.utils.Helpers - null
15:15:21.761 [ApplicationImpl pooled thread 356] INFO  com.browserstack.utils.Helpers - /Users/sametozcelik/.m2/repository/com/browserstack/browserstack-java-sdk/1.11.0/browserstack-java-sdk-1.11.0.jar
15:15:21.762 [ApplicationImpl pooled thread 356] INFO  c.b.l.BrowserStackRunExtension - Agent path: /Users/sametozcelik/.m2/repository/com/browserstack/browserstack-java-sdk/1.11.0/browserstack-java-sdk-1.11.0.jar
15:15:21.762 [ApplicationImpl pooled thread 356] INFO  c.b.l.BrowserStackRunExtension - Plugin version: v1.1.2
15:16:26.746 [ApplicationImpl pooled thread 356] INFO  c.b.l.BrowserStackRunExtension - testng
15:16:26.746 [ApplicationImpl pooled thread 356] INFO  com.browserstack.utils.Helpers - null
15:16:26.747 [ApplicationImpl pooled thread 356] INFO  com.browserstack.utils.Helpers - /Users/sametozcelik/.m2/repository/com/browserstack/browserstack-java-sdk/1.11.0/browserstack-java-sdk-1.11.0.jar
15:16:26.747 [ApplicationImpl pooled thread 356] INFO  c.b.l.BrowserStackRunExtension - Agent path: /Users/sametozcelik/.m2/repository/com/browserstack/browserstack-java-sdk/1.11.0/browserstack-java-sdk-1.11.0.jar
15:16:26.747 [ApplicationImpl pooled thread 356] INFO  c.b.l.BrowserStackRunExtension - Plugin version: v1.1.2
16:38:03.377 [ApplicationImpl pooled thread 438] INFO  c.b.l.BrowserStackRunExtension - testng
16:38:03.377 [ApplicationImpl pooled thread 438] INFO  com.browserstack.utils.Helpers - null
16:38:03.378 [ApplicationImpl pooled thread 438] INFO  com.browserstack.utils.Helpers - /Users/sametozcelik/.m2/repository/com/browserstack/browserstack-java-sdk/1.11.0/browserstack-java-sdk-1.11.0.jar
16:38:03.378 [ApplicationImpl pooled thread 438] INFO  c.b.l.BrowserStackRunExtension - Agent path: /Users/sametozcelik/.m2/repository/com/browserstack/browserstack-java-sdk/1.11.0/browserstack-java-sdk-1.11.0.jar
16:38:03.378 [ApplicationImpl pooled thread 438] INFO  c.b.l.BrowserStackRunExtension - Plugin version: v1.1.2
16:46:41.036 [ApplicationImpl pooled thread 451] INFO  c.b.l.BrowserStackRunExtension - testng
16:46:41.036 [ApplicationImpl pooled thread 451] INFO  com.browserstack.utils.Helpers - null
16:46:41.037 [ApplicationImpl pooled thread 451] INFO  com.browserstack.utils.Helpers - /Users/sametozcelik/.m2/repository/com/browserstack/browserstack-java-sdk/1.11.0/browserstack-java-sdk-1.11.0.jar
16:46:41.037 [ApplicationImpl pooled thread 451] INFO  c.b.l.BrowserStackRunExtension - Agent path: /Users/sametozcelik/.m2/repository/com/browserstack/browserstack-java-sdk/1.11.0/browserstack-java-sdk-1.11.0.jar
16:46:41.037 [ApplicationImpl pooled thread 451] INFO  c.b.l.BrowserStackRunExtension - Plugin version: v1.1.2
16:51:59.931 [ApplicationImpl pooled thread 444] INFO  c.b.l.BrowserStackRunExtension - testng
16:51:59.932 [ApplicationImpl pooled thread 444] INFO  com.browserstack.utils.Helpers - null
16:51:59.933 [ApplicationImpl pooled thread 444] INFO  com.browserstack.utils.Helpers - /Users/sametozcelik/.m2/repository/com/browserstack/browserstack-java-sdk/1.11.0/browserstack-java-sdk-1.11.0.jar
16:51:59.933 [ApplicationImpl pooled thread 444] INFO  c.b.l.BrowserStackRunExtension - Agent path: /Users/sametozcelik/.m2/repository/com/browserstack/browserstack-java-sdk/1.11.0/browserstack-java-sdk-1.11.0.jar
16:51:59.933 [ApplicationImpl pooled thread 444] INFO  c.b.l.BrowserStackRunExtension - Plugin version: v1.1.2
19:58:36.043 [ApplicationImpl pooled thread 582] INFO  c.b.l.BrowserStackRunExtension - testng
19:58:36.043 [ApplicationImpl pooled thread 582] INFO  com.browserstack.utils.Helpers - null
19:58:36.044 [ApplicationImpl pooled thread 582] INFO  com.browserstack.utils.Helpers - /Users/sametozcelik/.m2/repository/com/browserstack/browserstack-java-sdk/1.11.0/browserstack-java-sdk-1.11.0.jar
19:58:36.044 [ApplicationImpl pooled thread 582] INFO  c.b.l.BrowserStackRunExtension - Agent path: /Users/sametozcelik/.m2/repository/com/browserstack/browserstack-java-sdk/1.11.0/browserstack-java-sdk-1.11.0.jar
19:58:36.044 [ApplicationImpl pooled thread 582] INFO  c.b.l.BrowserStackRunExtension - Plugin version: v1.1.2
20:04:32.526 [ApplicationImpl pooled thread 581] INFO  c.b.l.BrowserStackRunExtension - testng
20:04:32.526 [ApplicationImpl pooled thread 581] INFO  com.browserstack.utils.Helpers - null
20:04:32.528 [ApplicationImpl pooled thread 581] INFO  com.browserstack.utils.Helpers - /Users/sametozcelik/.m2/repository/com/browserstack/browserstack-java-sdk/1.11.0/browserstack-java-sdk-1.11.0.jar
20:04:32.528 [ApplicationImpl pooled thread 581] INFO  c.b.l.BrowserStackRunExtension - Agent path: /Users/sametozcelik/.m2/repository/com/browserstack/browserstack-java-sdk/1.11.0/browserstack-java-sdk-1.11.0.jar
20:04:32.528 [ApplicationImpl pooled thread 581] INFO  c.b.l.BrowserStackRunExtension - Plugin version: v1.1.2
20:05:29.373 [ApplicationImpl pooled thread 611] INFO  c.b.l.BrowserStackRunExtension - testng
20:05:29.374 [ApplicationImpl pooled thread 611] INFO  com.browserstack.utils.Helpers - null
20:05:29.374 [ApplicationImpl pooled thread 611] INFO  com.browserstack.utils.Helpers - /Users/sametozcelik/.m2/repository/com/browserstack/browserstack-java-sdk/1.11.0/browserstack-java-sdk-1.11.0.jar
20:05:29.374 [ApplicationImpl pooled thread 611] INFO  c.b.l.BrowserStackRunExtension - Agent path: /Users/sametozcelik/.m2/repository/com/browserstack/browserstack-java-sdk/1.11.0/browserstack-java-sdk-1.11.0.jar
20:05:29.374 [ApplicationImpl pooled thread 611] INFO  c.b.l.BrowserStackRunExtension - Plugin version: v1.1.2
21:41:54.798 [ApplicationImpl pooled thread 683] INFO  c.b.l.BrowserStackRunExtension - testng
21:41:54.798 [ApplicationImpl pooled thread 683] INFO  com.browserstack.utils.Helpers - null
21:41:54.799 [ApplicationImpl pooled thread 683] INFO  com.browserstack.utils.Helpers - /Users/sametozcelik/.m2/repository/com/browserstack/browserstack-java-sdk/1.11.0/browserstack-java-sdk-1.11.0.jar
21:41:54.799 [ApplicationImpl pooled thread 683] INFO  c.b.l.BrowserStackRunExtension - Agent path: /Users/sametozcelik/.m2/repository/com/browserstack/browserstack-java-sdk/1.11.0/browserstack-java-sdk-1.11.0.jar
21:41:54.799 [ApplicationImpl pooled thread 683] INFO  c.b.l.BrowserStackRunExtension - Plugin version: v1.1.2
21:51:25.913 [ApplicationImpl pooled thread 697] INFO  c.b.l.BrowserStackRunExtension - testng
21:51:25.913 [ApplicationImpl pooled thread 697] INFO  com.browserstack.utils.Helpers - null
21:51:25.914 [ApplicationImpl pooled thread 697] INFO  com.browserstack.utils.Helpers - /Users/sametozcelik/.m2/repository/com/browserstack/browserstack-java-sdk/1.11.0/browserstack-java-sdk-1.11.0.jar
21:51:25.914 [ApplicationImpl pooled thread 697] INFO  c.b.l.BrowserStackRunExtension - Agent path: /Users/sametozcelik/.m2/repository/com/browserstack/browserstack-java-sdk/1.11.0/browserstack-java-sdk-1.11.0.jar
21:51:25.914 [ApplicationImpl pooled thread 697] INFO  c.b.l.BrowserStackRunExtension - Plugin version: v1.1.2
21:53:10.431 [ApplicationImpl pooled thread 697] INFO  c.b.l.BrowserStackRunExtension - testng
21:53:10.432 [ApplicationImpl pooled thread 697] INFO  com.browserstack.utils.Helpers - null
21:53:10.432 [ApplicationImpl pooled thread 697] INFO  com.browserstack.utils.Helpers - /Users/sametozcelik/.m2/repository/com/browserstack/browserstack-java-sdk/1.11.0/browserstack-java-sdk-1.11.0.jar
21:53:10.432 [ApplicationImpl pooled thread 697] INFO  c.b.l.BrowserStackRunExtension - Agent path: /Users/sametozcelik/.m2/repository/com/browserstack/browserstack-java-sdk/1.11.0/browserstack-java-sdk-1.11.0.jar
21:53:10.432 [ApplicationImpl pooled thread 697] INFO  c.b.l.BrowserStackRunExtension - Plugin version: v1.1.2
22:02:54.171 [ApplicationImpl pooled thread 692] INFO  c.b.l.BrowserStackRunExtension - testng
22:02:54.172 [ApplicationImpl pooled thread 692] INFO  com.browserstack.utils.Helpers - null
22:02:54.173 [ApplicationImpl pooled thread 692] INFO  com.browserstack.utils.Helpers - /Users/sametozcelik/.m2/repository/com/browserstack/browserstack-java-sdk/1.11.0/browserstack-java-sdk-1.11.0.jar
22:02:54.173 [ApplicationImpl pooled thread 692] INFO  c.b.l.BrowserStackRunExtension - Agent path: /Users/sametozcelik/.m2/repository/com/browserstack/browserstack-java-sdk/1.11.0/browserstack-java-sdk-1.11.0.jar
22:02:54.173 [ApplicationImpl pooled thread 692] INFO  c.b.l.BrowserStackRunExtension - Plugin version: v1.1.2
22:16:01.612 [ApplicationImpl pooled thread 740] INFO  c.b.l.BrowserStackRunExtension - testng
22:16:01.613 [ApplicationImpl pooled thread 740] INFO  com.browserstack.utils.Helpers - null
22:16:01.613 [ApplicationImpl pooled thread 740] INFO  com.browserstack.utils.Helpers - /Users/sametozcelik/.m2/repository/com/browserstack/browserstack-java-sdk/1.11.0/browserstack-java-sdk-1.11.0.jar
22:16:01.613 [ApplicationImpl pooled thread 740] INFO  c.b.l.BrowserStackRunExtension - Agent path: /Users/sametozcelik/.m2/repository/com/browserstack/browserstack-java-sdk/1.11.0/browserstack-java-sdk-1.11.0.jar
22:16:01.614 [ApplicationImpl pooled thread 740] INFO  c.b.l.BrowserStackRunExtension - Plugin version: v1.1.2
10:55:34.700 [ApplicationImpl pooled thread 27] INFO  c.b.l.BrowserStackRunExtension - testng
10:55:34.702 [ApplicationImpl pooled thread 27] INFO  com.browserstack.utils.Helpers - null
10:55:34.703 [ApplicationImpl pooled thread 27] INFO  com.browserstack.utils.Helpers - /Users/sametozcelik/.m2/repository/com/browserstack/browserstack-java-sdk/1.11.0/browserstack-java-sdk-1.11.0.jar
10:55:34.703 [ApplicationImpl pooled thread 27] INFO  c.b.l.BrowserStackRunExtension - Agent path: /Users/sametozcelik/.m2/repository/com/browserstack/browserstack-java-sdk/1.11.0/browserstack-java-sdk-1.11.0.jar
10:55:34.703 [ApplicationImpl pooled thread 27] INFO  c.b.l.BrowserStackRunExtension - Plugin version: v1.1.2
10:59:52.885 [ApplicationImpl pooled thread 33] INFO  c.b.l.BrowserStackRunExtension - testng
10:59:52.885 [ApplicationImpl pooled thread 33] INFO  com.browserstack.utils.Helpers - null
10:59:52.885 [ApplicationImpl pooled thread 33] INFO  com.browserstack.utils.Helpers - /Users/sametozcelik/.m2/repository/com/browserstack/browserstack-java-sdk/1.11.0/browserstack-java-sdk-1.11.0.jar
10:59:52.885 [ApplicationImpl pooled thread 33] INFO  c.b.l.BrowserStackRunExtension - Agent path: /Users/sametozcelik/.m2/repository/com/browserstack/browserstack-java-sdk/1.11.0/browserstack-java-sdk-1.11.0.jar
10:59:52.886 [ApplicationImpl pooled thread 33] INFO  c.b.l.BrowserStackRunExtension - Plugin version: v1.1.2
11:00:57.211 [ApplicationImpl pooled thread 18] INFO  c.b.l.BrowserStackRunExtension - testng
11:00:57.211 [ApplicationImpl pooled thread 18] INFO  com.browserstack.utils.Helpers - null
11:00:57.211 [ApplicationImpl pooled thread 18] INFO  com.browserstack.utils.Helpers - /Users/sametozcelik/.m2/repository/com/browserstack/browserstack-java-sdk/1.11.0/browserstack-java-sdk-1.11.0.jar
11:00:57.211 [ApplicationImpl pooled thread 18] INFO  c.b.l.BrowserStackRunExtension - Agent path: /Users/sametozcelik/.m2/repository/com/browserstack/browserstack-java-sdk/1.11.0/browserstack-java-sdk-1.11.0.jar
11:00:57.211 [ApplicationImpl pooled thread 18] INFO  c.b.l.BrowserStackRunExtension - Plugin version: v1.1.2
11:02:01.562 [ApplicationImpl pooled thread 40] INFO  c.b.l.BrowserStackRunExtension - testng
11:02:01.562 [ApplicationImpl pooled thread 40] INFO  com.browserstack.utils.Helpers - null
11:02:01.563 [ApplicationImpl pooled thread 40] INFO  com.browserstack.utils.Helpers - /Users/sametozcelik/.m2/repository/com/browserstack/browserstack-java-sdk/1.11.0/browserstack-java-sdk-1.11.0.jar
11:02:01.563 [ApplicationImpl pooled thread 40] INFO  c.b.l.BrowserStackRunExtension - Agent path: /Users/sametozcelik/.m2/repository/com/browserstack/browserstack-java-sdk/1.11.0/browserstack-java-sdk-1.11.0.jar
11:02:01.563 [ApplicationImpl pooled thread 40] INFO  c.b.l.BrowserStackRunExtension - Plugin version: v1.1.2
11:03:01.002 [ApplicationImpl pooled thread 18] INFO  c.b.l.BrowserStackRunExtension - testng
11:03:01.002 [ApplicationImpl pooled thread 18] INFO  com.browserstack.utils.Helpers - null
11:03:01.003 [ApplicationImpl pooled thread 18] INFO  com.browserstack.utils.Helpers - /Users/sametozcelik/.m2/repository/com/browserstack/browserstack-java-sdk/1.11.0/browserstack-java-sdk-1.11.0.jar
11:03:01.003 [ApplicationImpl pooled thread 18] INFO  c.b.l.BrowserStackRunExtension - Agent path: /Users/sametozcelik/.m2/repository/com/browserstack/browserstack-java-sdk/1.11.0/browserstack-java-sdk-1.11.0.jar
11:03:01.003 [ApplicationImpl pooled thread 18] INFO  c.b.l.BrowserStackRunExtension - Plugin version: v1.1.2
11:04:28.835 [ApplicationImpl pooled thread 48] INFO  c.b.l.BrowserStackRunExtension - testng
11:04:28.835 [ApplicationImpl pooled thread 48] INFO  com.browserstack.utils.Helpers - null
11:04:28.835 [ApplicationImpl pooled thread 48] INFO  com.browserstack.utils.Helpers - /Users/sametozcelik/.m2/repository/com/browserstack/browserstack-java-sdk/1.11.0/browserstack-java-sdk-1.11.0.jar
11:04:28.835 [ApplicationImpl pooled thread 48] INFO  c.b.l.BrowserStackRunExtension - Agent path: /Users/sametozcelik/.m2/repository/com/browserstack/browserstack-java-sdk/1.11.0/browserstack-java-sdk-1.11.0.jar
11:04:28.835 [ApplicationImpl pooled thread 48] INFO  c.b.l.BrowserStackRunExtension - Plugin version: v1.1.2
11:04:56.493 [ApplicationImpl pooled thread 41] INFO  c.b.l.BrowserStackRunExtension - testng
11:04:56.493 [ApplicationImpl pooled thread 41] INFO  com.browserstack.utils.Helpers - null
11:04:56.494 [ApplicationImpl pooled thread 41] INFO  com.browserstack.utils.Helpers - /Users/sametozcelik/.m2/repository/com/browserstack/browserstack-java-sdk/1.11.0/browserstack-java-sdk-1.11.0.jar
11:04:56.494 [ApplicationImpl pooled thread 41] INFO  c.b.l.BrowserStackRunExtension - Agent path: /Users/sametozcelik/.m2/repository/com/browserstack/browserstack-java-sdk/1.11.0/browserstack-java-sdk-1.11.0.jar
11:04:56.494 [ApplicationImpl pooled thread 41] INFO  c.b.l.BrowserStackRunExtension - Plugin version: v1.1.2
11:07:37.955 [ApplicationImpl pooled thread 18] INFO  c.b.l.BrowserStackRunExtension - testng
11:07:37.955 [ApplicationImpl pooled thread 18] INFO  com.browserstack.utils.Helpers - null
11:07:37.955 [ApplicationImpl pooled thread 18] INFO  com.browserstack.utils.Helpers - /Users/sametozcelik/.m2/repository/com/browserstack/browserstack-java-sdk/1.11.0/browserstack-java-sdk-1.11.0.jar
11:07:37.955 [ApplicationImpl pooled thread 18] INFO  c.b.l.BrowserStackRunExtension - Agent path: /Users/sametozcelik/.m2/repository/com/browserstack/browserstack-java-sdk/1.11.0/browserstack-java-sdk-1.11.0.jar
11:07:37.955 [ApplicationImpl pooled thread 18] INFO  c.b.l.BrowserStackRunExtension - Plugin version: v1.1.2
11:08:52.451 [ApplicationImpl pooled thread 49] INFO  c.b.l.BrowserStackRunExtension - testng
11:08:52.451 [ApplicationImpl pooled thread 49] INFO  com.browserstack.utils.Helpers - null
11:08:52.453 [ApplicationImpl pooled thread 49] INFO  com.browserstack.utils.Helpers - /Users/sametozcelik/.m2/repository/com/browserstack/browserstack-java-sdk/1.11.0/browserstack-java-sdk-1.11.0.jar
11:08:52.453 [ApplicationImpl pooled thread 49] INFO  c.b.l.BrowserStackRunExtension - Agent path: /Users/sametozcelik/.m2/repository/com/browserstack/browserstack-java-sdk/1.11.0/browserstack-java-sdk-1.11.0.jar
11:08:52.453 [ApplicationImpl pooled thread 49] INFO  c.b.l.BrowserStackRunExtension - Plugin version: v1.1.2
11:12:20.986 [ApplicationImpl pooled thread 47] INFO  c.b.l.BrowserStackRunExtension - testng
11:12:20.986 [ApplicationImpl pooled thread 47] INFO  com.browserstack.utils.Helpers - null
11:12:20.987 [ApplicationImpl pooled thread 47] INFO  com.browserstack.utils.Helpers - /Users/sametozcelik/.m2/repository/com/browserstack/browserstack-java-sdk/1.11.0/browserstack-java-sdk-1.11.0.jar
11:12:20.987 [ApplicationImpl pooled thread 47] INFO  c.b.l.BrowserStackRunExtension - Agent path: /Users/sametozcelik/.m2/repository/com/browserstack/browserstack-java-sdk/1.11.0/browserstack-java-sdk-1.11.0.jar
11:12:20.987 [ApplicationImpl pooled thread 47] INFO  c.b.l.BrowserStackRunExtension - Plugin version: v1.1.2
11:13:41.793 [ApplicationImpl pooled thread 58] INFO  c.b.l.BrowserStackRunExtension - testng
11:13:41.793 [ApplicationImpl pooled thread 58] INFO  com.browserstack.utils.Helpers - null
11:13:41.793 [ApplicationImpl pooled thread 58] INFO  com.browserstack.utils.Helpers - /Users/sametozcelik/.m2/repository/com/browserstack/browserstack-java-sdk/1.11.0/browserstack-java-sdk-1.11.0.jar
11:13:41.793 [ApplicationImpl pooled thread 58] INFO  c.b.l.BrowserStackRunExtension - Agent path: /Users/sametozcelik/.m2/repository/com/browserstack/browserstack-java-sdk/1.11.0/browserstack-java-sdk-1.11.0.jar
11:13:41.793 [ApplicationImpl pooled thread 58] INFO  c.b.l.BrowserStackRunExtension - Plugin version: v1.1.2
11:15:01.275 [ApplicationImpl pooled thread 59] INFO  c.b.l.BrowserStackRunExtension - testng
11:15:01.276 [ApplicationImpl pooled thread 59] INFO  com.browserstack.utils.Helpers - null
11:15:01.276 [ApplicationImpl pooled thread 59] INFO  com.browserstack.utils.Helpers - /Users/sametozcelik/.m2/repository/com/browserstack/browserstack-java-sdk/1.11.0/browserstack-java-sdk-1.11.0.jar
11:15:01.276 [ApplicationImpl pooled thread 59] INFO  c.b.l.BrowserStackRunExtension - Agent path: /Users/sametozcelik/.m2/repository/com/browserstack/browserstack-java-sdk/1.11.0/browserstack-java-sdk-1.11.0.jar
11:15:01.276 [ApplicationImpl pooled thread 59] INFO  c.b.l.BrowserStackRunExtension - Plugin version: v1.1.2
11:15:58.971 [ApplicationImpl pooled thread 65] INFO  c.b.l.BrowserStackRunExtension - testng
11:15:58.971 [ApplicationImpl pooled thread 65] INFO  com.browserstack.utils.Helpers - null
11:15:58.971 [ApplicationImpl pooled thread 65] INFO  com.browserstack.utils.Helpers - /Users/sametozcelik/.m2/repository/com/browserstack/browserstack-java-sdk/1.11.0/browserstack-java-sdk-1.11.0.jar
11:15:58.971 [ApplicationImpl pooled thread 65] INFO  c.b.l.BrowserStackRunExtension - Agent path: /Users/sametozcelik/.m2/repository/com/browserstack/browserstack-java-sdk/1.11.0/browserstack-java-sdk-1.11.0.jar
11:15:58.971 [ApplicationImpl pooled thread 65] INFO  c.b.l.BrowserStackRunExtension - Plugin version: v1.1.2
11:30:16.365 [ApplicationImpl pooled thread 68] INFO  c.b.l.BrowserStackRunExtension - testng
11:30:16.365 [ApplicationImpl pooled thread 68] INFO  com.browserstack.utils.Helpers - null
11:30:16.366 [ApplicationImpl pooled thread 68] INFO  com.browserstack.utils.Helpers - /Users/sametozcelik/.m2/repository/com/browserstack/browserstack-java-sdk/1.11.0/browserstack-java-sdk-1.11.0.jar
11:30:16.366 [ApplicationImpl pooled thread 68] INFO  c.b.l.BrowserStackRunExtension - Agent path: /Users/sametozcelik/.m2/repository/com/browserstack/browserstack-java-sdk/1.11.0/browserstack-java-sdk-1.11.0.jar
11:30:16.366 [ApplicationImpl pooled thread 68] INFO  c.b.l.BrowserStackRunExtension - Plugin version: v1.1.2
11:30:55.931 [ApplicationImpl pooled thread 69] INFO  c.b.l.BrowserStackRunExtension - testng
11:30:55.932 [ApplicationImpl pooled thread 69] INFO  com.browserstack.utils.Helpers - null
11:30:55.932 [ApplicationImpl pooled thread 69] INFO  com.browserstack.utils.Helpers - /Users/sametozcelik/.m2/repository/com/browserstack/browserstack-java-sdk/1.11.0/browserstack-java-sdk-1.11.0.jar
11:30:55.932 [ApplicationImpl pooled thread 69] INFO  c.b.l.BrowserStackRunExtension - Agent path: /Users/sametozcelik/.m2/repository/com/browserstack/browserstack-java-sdk/1.11.0/browserstack-java-sdk-1.11.0.jar
11:30:55.932 [ApplicationImpl pooled thread 69] INFO  c.b.l.BrowserStackRunExtension - Plugin version: v1.1.2
11:32:23.561 [ApplicationImpl pooled thread 72] INFO  c.b.l.BrowserStackRunExtension - testng
11:32:23.561 [ApplicationImpl pooled thread 72] INFO  com.browserstack.utils.Helpers - null
11:32:23.562 [ApplicationImpl pooled thread 72] INFO  com.browserstack.utils.Helpers - /Users/sametozcelik/.m2/repository/com/browserstack/browserstack-java-sdk/1.11.0/browserstack-java-sdk-1.11.0.jar
11:32:23.562 [ApplicationImpl pooled thread 72] INFO  c.b.l.BrowserStackRunExtension - Agent path: /Users/sametozcelik/.m2/repository/com/browserstack/browserstack-java-sdk/1.11.0/browserstack-java-sdk-1.11.0.jar
11:32:23.562 [ApplicationImpl pooled thread 72] INFO  c.b.l.BrowserStackRunExtension - Plugin version: v1.1.2
11:46:03.802 [ApplicationImpl pooled thread 83] INFO  c.b.l.BrowserStackRunExtension - testng
11:46:03.802 [ApplicationImpl pooled thread 83] INFO  com.browserstack.utils.Helpers - null
11:46:03.802 [ApplicationImpl pooled thread 83] INFO  com.browserstack.utils.Helpers - /Users/sametozcelik/.m2/repository/com/browserstack/browserstack-java-sdk/1.11.0/browserstack-java-sdk-1.11.0.jar
11:46:03.802 [ApplicationImpl pooled thread 83] INFO  c.b.l.BrowserStackRunExtension - Agent path: /Users/sametozcelik/.m2/repository/com/browserstack/browserstack-java-sdk/1.11.0/browserstack-java-sdk-1.11.0.jar
11:46:03.802 [ApplicationImpl pooled thread 83] INFO  c.b.l.BrowserStackRunExtension - Plugin version: v1.1.2
12:21:26.356 [ApplicationImpl pooled thread 119] INFO  c.b.l.BrowserStackRunExtension - testng
12:21:26.357 [ApplicationImpl pooled thread 119] INFO  com.browserstack.utils.Helpers - null
12:21:26.357 [ApplicationImpl pooled thread 119] INFO  com.browserstack.utils.Helpers - /Users/sametozcelik/.m2/repository/com/browserstack/browserstack-java-sdk/1.11.0/browserstack-java-sdk-1.11.0.jar
12:21:26.357 [ApplicationImpl pooled thread 119] INFO  c.b.l.BrowserStackRunExtension - Agent path: /Users/sametozcelik/.m2/repository/com/browserstack/browserstack-java-sdk/1.11.0/browserstack-java-sdk-1.11.0.jar
12:21:26.357 [ApplicationImpl pooled thread 119] INFO  c.b.l.BrowserStackRunExtension - Plugin version: v1.1.2
15:05:05.720 [ApplicationImpl pooled thread 201] INFO  c.b.l.BrowserStackRunExtension - testng
15:05:05.720 [ApplicationImpl pooled thread 201] INFO  com.browserstack.utils.Helpers - null
15:05:05.720 [ApplicationImpl pooled thread 201] INFO  com.browserstack.utils.Helpers - /Users/sametozcelik/.m2/repository/com/browserstack/browserstack-java-sdk/1.11.0/browserstack-java-sdk-1.11.0.jar
15:05:05.720 [ApplicationImpl pooled thread 201] INFO  c.b.l.BrowserStackRunExtension - Agent path: /Users/sametozcelik/.m2/repository/com/browserstack/browserstack-java-sdk/1.11.0/browserstack-java-sdk-1.11.0.jar
15:05:05.720 [ApplicationImpl pooled thread 201] INFO  c.b.l.BrowserStackRunExtension - Plugin version: v1.1.2
15:10:21.304 [ApplicationImpl pooled thread 209] INFO  c.b.l.BrowserStackRunExtension - testng
15:10:21.304 [ApplicationImpl pooled thread 209] INFO  com.browserstack.utils.Helpers - null
15:10:21.305 [ApplicationImpl pooled thread 209] INFO  com.browserstack.utils.Helpers - /Users/sametozcelik/.m2/repository/com/browserstack/browserstack-java-sdk/1.11.0/browserstack-java-sdk-1.11.0.jar
15:10:21.305 [ApplicationImpl pooled thread 209] INFO  c.b.l.BrowserStackRunExtension - Agent path: /Users/sametozcelik/.m2/repository/com/browserstack/browserstack-java-sdk/1.11.0/browserstack-java-sdk-1.11.0.jar
15:10:21.305 [ApplicationImpl pooled thread 209] INFO  c.b.l.BrowserStackRunExtension - Plugin version: v1.1.2
15:11:06.873 [ApplicationImpl pooled thread 221] INFO  c.b.l.BrowserStackRunExtension - testng
15:11:06.873 [ApplicationImpl pooled thread 221] INFO  com.browserstack.utils.Helpers - null
15:11:06.873 [ApplicationImpl pooled thread 221] INFO  com.browserstack.utils.Helpers - /Users/sametozcelik/.m2/repository/com/browserstack/browserstack-java-sdk/1.11.0/browserstack-java-sdk-1.11.0.jar
15:11:06.873 [ApplicationImpl pooled thread 221] INFO  c.b.l.BrowserStackRunExtension - Agent path: /Users/sametozcelik/.m2/repository/com/browserstack/browserstack-java-sdk/1.11.0/browserstack-java-sdk-1.11.0.jar
15:11:06.873 [ApplicationImpl pooled thread 221] INFO  c.b.l.BrowserStackRunExtension - Plugin version: v1.1.2
15:15:46.903 [ApplicationImpl pooled thread 220] INFO  c.b.l.BrowserStackRunExtension - testng
15:15:46.903 [ApplicationImpl pooled thread 220] INFO  com.browserstack.utils.Helpers - null
15:15:46.904 [ApplicationImpl pooled thread 220] INFO  com.browserstack.utils.Helpers - /Users/sametozcelik/.m2/repository/com/browserstack/browserstack-java-sdk/1.11.0/browserstack-java-sdk-1.11.0.jar
15:15:46.904 [ApplicationImpl pooled thread 220] INFO  c.b.l.BrowserStackRunExtension - Agent path: /Users/sametozcelik/.m2/repository/com/browserstack/browserstack-java-sdk/1.11.0/browserstack-java-sdk-1.11.0.jar
15:15:46.904 [ApplicationImpl pooled thread 220] INFO  c.b.l.BrowserStackRunExtension - Plugin version: v1.1.2
15:16:38.779 [ApplicationImpl pooled thread 209] INFO  c.b.l.BrowserStackRunExtension - testng
15:16:38.779 [ApplicationImpl pooled thread 209] INFO  com.browserstack.utils.Helpers - null
15:16:38.780 [ApplicationImpl pooled thread 209] INFO  com.browserstack.utils.Helpers - /Users/sametozcelik/.m2/repository/com/browserstack/browserstack-java-sdk/1.11.0/browserstack-java-sdk-1.11.0.jar
15:16:38.780 [ApplicationImpl pooled thread 209] INFO  c.b.l.BrowserStackRunExtension - Agent path: /Users/sametozcelik/.m2/repository/com/browserstack/browserstack-java-sdk/1.11.0/browserstack-java-sdk-1.11.0.jar
15:16:38.780 [ApplicationImpl pooled thread 209] INFO  c.b.l.BrowserStackRunExtension - Plugin version: v1.1.2
15:17:23.809 [ApplicationImpl pooled thread 215] INFO  c.b.l.BrowserStackRunExtension - testng
15:17:23.809 [ApplicationImpl pooled thread 215] INFO  com.browserstack.utils.Helpers - null
15:17:23.810 [ApplicationImpl pooled thread 215] INFO  com.browserstack.utils.Helpers - /Users/sametozcelik/.m2/repository/com/browserstack/browserstack-java-sdk/1.11.0/browserstack-java-sdk-1.11.0.jar
15:17:23.810 [ApplicationImpl pooled thread 215] INFO  c.b.l.BrowserStackRunExtension - Agent path: /Users/sametozcelik/.m2/repository/com/browserstack/browserstack-java-sdk/1.11.0/browserstack-java-sdk-1.11.0.jar
15:17:23.810 [ApplicationImpl pooled thread 215] INFO  c.b.l.BrowserStackRunExtension - Plugin version: v1.1.2
15:18:15.839 [ApplicationImpl pooled thread 215] INFO  c.b.l.BrowserStackRunExtension - testng
15:18:15.840 [ApplicationImpl pooled thread 215] INFO  com.browserstack.utils.Helpers - null
15:18:15.841 [ApplicationImpl pooled thread 215] INFO  com.browserstack.utils.Helpers - /Users/sametozcelik/.m2/repository/com/browserstack/browserstack-java-sdk/1.11.0/browserstack-java-sdk-1.11.0.jar
15:18:15.841 [ApplicationImpl pooled thread 215] INFO  c.b.l.BrowserStackRunExtension - Agent path: /Users/sametozcelik/.m2/repository/com/browserstack/browserstack-java-sdk/1.11.0/browserstack-java-sdk-1.11.0.jar
15:18:15.841 [ApplicationImpl pooled thread 215] INFO  c.b.l.BrowserStackRunExtension - Plugin version: v1.1.2
15:48:57.503 [ApplicationImpl pooled thread 248] INFO  c.b.l.BrowserStackRunExtension - testng
15:48:57.503 [ApplicationImpl pooled thread 248] INFO  com.browserstack.utils.Helpers - null
15:48:57.503 [ApplicationImpl pooled thread 248] INFO  com.browserstack.utils.Helpers - /Users/sametozcelik/.m2/repository/com/browserstack/browserstack-java-sdk/1.11.0/browserstack-java-sdk-1.11.0.jar
15:48:57.503 [ApplicationImpl pooled thread 248] INFO  c.b.l.BrowserStackRunExtension - Agent path: /Users/sametozcelik/.m2/repository/com/browserstack/browserstack-java-sdk/1.11.0/browserstack-java-sdk-1.11.0.jar
15:48:57.503 [ApplicationImpl pooled thread 248] INFO  c.b.l.BrowserStackRunExtension - Plugin version: v1.1.2
15:59:44.285 [ApplicationImpl pooled thread 254] INFO  c.b.l.BrowserStackRunExtension - testng
15:59:44.285 [ApplicationImpl pooled thread 254] INFO  com.browserstack.utils.Helpers - null
15:59:44.285 [ApplicationImpl pooled thread 254] INFO  com.browserstack.utils.Helpers - /Users/sametozcelik/.m2/repository/com/browserstack/browserstack-java-sdk/1.11.0/browserstack-java-sdk-1.11.0.jar
15:59:44.285 [ApplicationImpl pooled thread 254] INFO  c.b.l.BrowserStackRunExtension - Agent path: /Users/sametozcelik/.m2/repository/com/browserstack/browserstack-java-sdk/1.11.0/browserstack-java-sdk-1.11.0.jar
15:59:44.285 [ApplicationImpl pooled thread 254] INFO  c.b.l.BrowserStackRunExtension - Plugin version: v1.1.2
16:01:38.998 [ApplicationImpl pooled thread 256] INFO  c.b.l.BrowserStackRunExtension - testng
16:01:38.998 [ApplicationImpl pooled thread 256] INFO  com.browserstack.utils.Helpers - null
16:01:38.998 [ApplicationImpl pooled thread 256] INFO  com.browserstack.utils.Helpers - /Users/sametozcelik/.m2/repository/com/browserstack/browserstack-java-sdk/1.11.0/browserstack-java-sdk-1.11.0.jar
16:01:38.998 [ApplicationImpl pooled thread 256] INFO  c.b.l.BrowserStackRunExtension - Agent path: /Users/sametozcelik/.m2/repository/com/browserstack/browserstack-java-sdk/1.11.0/browserstack-java-sdk-1.11.0.jar
16:01:38.998 [ApplicationImpl pooled thread 256] INFO  c.b.l.BrowserStackRunExtension - Plugin version: v1.1.2
16:11:04.428 [ApplicationImpl pooled thread 264] INFO  c.b.l.BrowserStackRunExtension - testng
16:11:04.428 [ApplicationImpl pooled thread 264] INFO  com.browserstack.utils.Helpers - null
16:11:04.428 [ApplicationImpl pooled thread 264] INFO  com.browserstack.utils.Helpers - /Users/sametozcelik/.m2/repository/com/browserstack/browserstack-java-sdk/1.11.0/browserstack-java-sdk-1.11.0.jar
16:11:04.428 [ApplicationImpl pooled thread 264] INFO  c.b.l.BrowserStackRunExtension - Agent path: /Users/sametozcelik/.m2/repository/com/browserstack/browserstack-java-sdk/1.11.0/browserstack-java-sdk-1.11.0.jar
16:11:04.428 [ApplicationImpl pooled thread 264] INFO  c.b.l.BrowserStackRunExtension - Plugin version: v1.1.2
16:12:09.873 [ApplicationImpl pooled thread 255] INFO  c.b.l.BrowserStackRunExtension - testng
16:12:09.874 [ApplicationImpl pooled thread 255] INFO  com.browserstack.utils.Helpers - null
16:12:09.874 [ApplicationImpl pooled thread 255] INFO  com.browserstack.utils.Helpers - /Users/sametozcelik/.m2/repository/com/browserstack/browserstack-java-sdk/1.11.0/browserstack-java-sdk-1.11.0.jar
16:12:09.874 [ApplicationImpl pooled thread 255] INFO  c.b.l.BrowserStackRunExtension - Agent path: /Users/sametozcelik/.m2/repository/com/browserstack/browserstack-java-sdk/1.11.0/browserstack-java-sdk-1.11.0.jar
16:12:09.874 [ApplicationImpl pooled thread 255] INFO  c.b.l.BrowserStackRunExtension - Plugin version: v1.1.2
16:37:57.145 [ApplicationImpl pooled thread 282] INFO  c.b.l.BrowserStackRunExtension - testng
16:37:57.146 [ApplicationImpl pooled thread 282] INFO  com.browserstack.utils.Helpers - null
16:37:57.146 [ApplicationImpl pooled thread 282] INFO  com.browserstack.utils.Helpers - /Users/sametozcelik/.m2/repository/com/browserstack/browserstack-java-sdk/1.11.0/browserstack-java-sdk-1.11.0.jar
16:37:57.146 [ApplicationImpl pooled thread 282] INFO  c.b.l.BrowserStackRunExtension - Agent path: /Users/sametozcelik/.m2/repository/com/browserstack/browserstack-java-sdk/1.11.0/browserstack-java-sdk-1.11.0.jar
16:37:57.146 [ApplicationImpl pooled thread 282] INFO  c.b.l.BrowserStackRunExtension - Plugin version: v1.1.2
17:44:57.855 [ApplicationImpl pooled thread 317] INFO  c.b.l.BrowserStackRunExtension - testng
17:44:57.855 [ApplicationImpl pooled thread 317] INFO  com.browserstack.utils.Helpers - null
17:44:57.855 [ApplicationImpl pooled thread 317] INFO  com.browserstack.utils.Helpers - /Users/sametozcelik/.m2/repository/com/browserstack/browserstack-java-sdk/1.11.0/browserstack-java-sdk-1.11.0.jar
17:44:57.856 [ApplicationImpl pooled thread 317] INFO  c.b.l.BrowserStackRunExtension - Agent path: /Users/sametozcelik/.m2/repository/com/browserstack/browserstack-java-sdk/1.11.0/browserstack-java-sdk-1.11.0.jar
17:44:57.856 [ApplicationImpl pooled thread 317] INFO  c.b.l.BrowserStackRunExtension - Plugin version: v1.1.2
17:46:32.717 [ApplicationImpl pooled thread 317] INFO  c.b.l.BrowserStackRunExtension - testng
17:46:32.717 [ApplicationImpl pooled thread 317] INFO  com.browserstack.utils.Helpers - null
17:46:32.717 [ApplicationImpl pooled thread 317] INFO  com.browserstack.utils.Helpers - /Users/sametozcelik/.m2/repository/com/browserstack/browserstack-java-sdk/1.11.0/browserstack-java-sdk-1.11.0.jar
17:46:32.717 [ApplicationImpl pooled thread 317] INFO  c.b.l.BrowserStackRunExtension - Agent path: /Users/sametozcelik/.m2/repository/com/browserstack/browserstack-java-sdk/1.11.0/browserstack-java-sdk-1.11.0.jar
17:46:32.717 [ApplicationImpl pooled thread 317] INFO  c.b.l.BrowserStackRunExtension - Plugin version: v1.1.2
21:38:41.332 [ApplicationImpl pooled thread 453] INFO  c.b.l.BrowserStackRunExtension - testng
21:38:41.332 [ApplicationImpl pooled thread 453] INFO  com.browserstack.utils.Helpers - null
21:38:41.332 [ApplicationImpl pooled thread 453] INFO  com.browserstack.utils.Helpers - /Users/sametozcelik/.m2/repository/com/browserstack/browserstack-java-sdk/1.11.0/browserstack-java-sdk-1.11.0.jar
21:38:41.332 [ApplicationImpl pooled thread 453] INFO  c.b.l.BrowserStackRunExtension - Agent path: /Users/sametozcelik/.m2/repository/com/browserstack/browserstack-java-sdk/1.11.0/browserstack-java-sdk-1.11.0.jar
21:38:41.332 [ApplicationImpl pooled thread 453] INFO  c.b.l.BrowserStackRunExtension - Plugin version: v1.1.2
21:56:40.483 [ApplicationImpl pooled thread 463] INFO  c.b.l.BrowserStackRunExtension - testng
21:56:40.483 [ApplicationImpl pooled thread 463] INFO  com.browserstack.utils.Helpers - null
21:56:40.484 [ApplicationImpl pooled thread 463] INFO  com.browserstack.utils.Helpers - /Users/sametozcelik/.m2/repository/com/browserstack/browserstack-java-sdk/1.11.0/browserstack-java-sdk-1.11.0.jar
21:56:40.484 [ApplicationImpl pooled thread 463] INFO  c.b.l.BrowserStackRunExtension - Agent path: /Users/sametozcelik/.m2/repository/com/browserstack/browserstack-java-sdk/1.11.0/browserstack-java-sdk-1.11.0.jar
21:56:40.484 [ApplicationImpl pooled thread 463] INFO  c.b.l.BrowserStackRunExtension - Plugin version: v1.1.2
21:58:17.682 [ApplicationImpl pooled thread 459] INFO  c.b.l.BrowserStackRunExtension - testng
21:58:17.683 [ApplicationImpl pooled thread 459] INFO  com.browserstack.utils.Helpers - null
21:58:17.683 [ApplicationImpl pooled thread 459] INFO  com.browserstack.utils.Helpers - /Users/sametozcelik/.m2/repository/com/browserstack/browserstack-java-sdk/1.11.0/browserstack-java-sdk-1.11.0.jar
21:58:17.683 [ApplicationImpl pooled thread 459] INFO  c.b.l.BrowserStackRunExtension - Agent path: /Users/sametozcelik/.m2/repository/com/browserstack/browserstack-java-sdk/1.11.0/browserstack-java-sdk-1.11.0.jar
21:58:17.683 [ApplicationImpl pooled thread 459] INFO  c.b.l.BrowserStackRunExtension - Plugin version: v1.1.2
23:11:29.906 [ApplicationImpl pooled thread 504] INFO  c.b.l.BrowserStackRunExtension - testng
23:11:29.906 [ApplicationImpl pooled thread 504] INFO  com.browserstack.utils.Helpers - null
23:11:29.906 [ApplicationImpl pooled thread 504] INFO  com.browserstack.utils.Helpers - /Users/sametozcelik/.m2/repository/com/browserstack/browserstack-java-sdk/1.11.0/browserstack-java-sdk-1.11.0.jar
23:11:29.906 [ApplicationImpl pooled thread 504] INFO  c.b.l.BrowserStackRunExtension - Agent path: /Users/sametozcelik/.m2/repository/com/browserstack/browserstack-java-sdk/1.11.0/browserstack-java-sdk-1.11.0.jar
23:11:29.906 [ApplicationImpl pooled thread 504] INFO  c.b.l.BrowserStackRunExtension - Plugin version: v1.1.2
23:12:14.000 [ApplicationImpl pooled thread 500] INFO  c.b.l.BrowserStackRunExtension - testng
23:12:14.000 [ApplicationImpl pooled thread 500] INFO  com.browserstack.utils.Helpers - null
23:12:14.000 [ApplicationImpl pooled thread 500] INFO  com.browserstack.utils.Helpers - /Users/sametozcelik/.m2/repository/com/browserstack/browserstack-java-sdk/1.11.0/browserstack-java-sdk-1.11.0.jar
23:12:14.000 [ApplicationImpl pooled thread 500] INFO  c.b.l.BrowserStackRunExtension - Agent path: /Users/sametozcelik/.m2/repository/com/browserstack/browserstack-java-sdk/1.11.0/browserstack-java-sdk-1.11.0.jar
23:12:14.000 [ApplicationImpl pooled thread 500] INFO  c.b.l.BrowserStackRunExtension - Plugin version: v1.1.2
23:12:51.664 [ApplicationImpl pooled thread 499] INFO  c.b.l.BrowserStackRunExtension - testng
23:12:51.665 [ApplicationImpl pooled thread 499] INFO  com.browserstack.utils.Helpers - null
23:12:51.665 [ApplicationImpl pooled thread 499] INFO  com.browserstack.utils.Helpers - /Users/sametozcelik/.m2/repository/com/browserstack/browserstack-java-sdk/1.11.0/browserstack-java-sdk-1.11.0.jar
23:12:51.665 [ApplicationImpl pooled thread 499] INFO  c.b.l.BrowserStackRunExtension - Agent path: /Users/sametozcelik/.m2/repository/com/browserstack/browserstack-java-sdk/1.11.0/browserstack-java-sdk-1.11.0.jar
23:12:51.665 [ApplicationImpl pooled thread 499] INFO  c.b.l.BrowserStackRunExtension - Plugin version: v1.1.2
23:16:08.164 [ApplicationImpl pooled thread 500] INFO  c.b.l.BrowserStackRunExtension - testng
23:16:08.166 [ApplicationImpl pooled thread 500] INFO  com.browserstack.utils.Helpers - null
23:16:08.166 [ApplicationImpl pooled thread 500] INFO  com.browserstack.utils.Helpers - /Users/sametozcelik/.m2/repository/com/browserstack/browserstack-java-sdk/1.11.0/browserstack-java-sdk-1.11.0.jar
23:16:08.166 [ApplicationImpl pooled thread 500] INFO  c.b.l.BrowserStackRunExtension - Agent path: /Users/sametozcelik/.m2/repository/com/browserstack/browserstack-java-sdk/1.11.0/browserstack-java-sdk-1.11.0.jar
23:16:08.166 [ApplicationImpl pooled thread 500] INFO  c.b.l.BrowserStackRunExtension - Plugin version: v1.1.2
23:16:40.594 [ApplicationImpl pooled thread 499] INFO  c.b.l.BrowserStackRunExtension - testng
23:16:40.594 [ApplicationImpl pooled thread 499] INFO  com.browserstack.utils.Helpers - null
23:16:40.595 [ApplicationImpl pooled thread 499] INFO  com.browserstack.utils.Helpers - /Users/sametozcelik/.m2/repository/com/browserstack/browserstack-java-sdk/1.11.0/browserstack-java-sdk-1.11.0.jar
23:16:40.595 [ApplicationImpl pooled thread 499] INFO  c.b.l.BrowserStackRunExtension - Agent path: /Users/sametozcelik/.m2/repository/com/browserstack/browserstack-java-sdk/1.11.0/browserstack-java-sdk-1.11.0.jar
23:16:40.595 [ApplicationImpl pooled thread 499] INFO  c.b.l.BrowserStackRunExtension - Plugin version: v1.1.2
23:28:28.756 [ApplicationImpl pooled thread 513] INFO  c.b.l.BrowserStackRunExtension - testng
23:28:28.756 [ApplicationImpl pooled thread 513] INFO  com.browserstack.utils.Helpers - null
23:28:28.757 [ApplicationImpl pooled thread 513] INFO  com.browserstack.utils.Helpers - /Users/sametozcelik/.m2/repository/com/browserstack/browserstack-java-sdk/1.11.0/browserstack-java-sdk-1.11.0.jar
23:28:28.757 [ApplicationImpl pooled thread 513] INFO  c.b.l.BrowserStackRunExtension - Agent path: /Users/sametozcelik/.m2/repository/com/browserstack/browserstack-java-sdk/1.11.0/browserstack-java-sdk-1.11.0.jar
23:28:28.757 [ApplicationImpl pooled thread 513] INFO  c.b.l.BrowserStackRunExtension - Plugin version: v1.1.2
12:20:50.944 [ApplicationImpl pooled thread 944] INFO  c.b.l.BrowserStackRunExtension - testng
12:20:50.944 [ApplicationImpl pooled thread 944] INFO  com.browserstack.utils.Helpers - null
12:20:50.946 [ApplicationImpl pooled thread 944] INFO  com.browserstack.utils.Helpers - /Users/sametozcelik/.m2/repository/com/browserstack/browserstack-java-sdk/1.11.0/browserstack-java-sdk-1.11.0.jar
12:20:50.946 [ApplicationImpl pooled thread 944] INFO  c.b.l.BrowserStackRunExtension - Agent path: /Users/sametozcelik/.m2/repository/com/browserstack/browserstack-java-sdk/1.11.0/browserstack-java-sdk-1.11.0.jar
12:20:50.946 [ApplicationImpl pooled thread 944] INFO  c.b.l.BrowserStackRunExtension - Plugin version: v1.1.2
14:44:43.061 [ApplicationImpl pooled thread 1053] INFO  c.b.l.BrowserStackRunExtension - testng
14:44:43.061 [ApplicationImpl pooled thread 1053] INFO  com.browserstack.utils.Helpers - null
14:44:43.061 [ApplicationImpl pooled thread 1053] INFO  com.browserstack.utils.Helpers - /Users/sametozcelik/.m2/repository/com/browserstack/browserstack-java-sdk/1.11.0/browserstack-java-sdk-1.11.0.jar
14:44:43.061 [ApplicationImpl pooled thread 1053] INFO  c.b.l.BrowserStackRunExtension - Agent path: /Users/sametozcelik/.m2/repository/com/browserstack/browserstack-java-sdk/1.11.0/browserstack-java-sdk-1.11.0.jar
14:44:43.061 [ApplicationImpl pooled thread 1053] INFO  c.b.l.BrowserStackRunExtension - Plugin version: v1.1.2
14:45:08.415 [ApplicationImpl pooled thread 1049] INFO  c.b.l.BrowserStackRunExtension - testng
14:45:08.415 [ApplicationImpl pooled thread 1049] INFO  com.browserstack.utils.Helpers - null
14:45:08.417 [ApplicationImpl pooled thread 1049] INFO  com.browserstack.utils.Helpers - /Users/sametozcelik/.m2/repository/com/browserstack/browserstack-java-sdk/1.11.0/browserstack-java-sdk-1.11.0.jar
14:45:08.417 [ApplicationImpl pooled thread 1049] INFO  c.b.l.BrowserStackRunExtension - Agent path: /Users/sametozcelik/.m2/repository/com/browserstack/browserstack-java-sdk/1.11.0/browserstack-java-sdk-1.11.0.jar
14:45:08.417 [ApplicationImpl pooled thread 1049] INFO  c.b.l.BrowserStackRunExtension - Plugin version: v1.1.2
14:50:08.791 [ApplicationImpl pooled thread 1049] INFO  c.b.l.BrowserStackRunExtension - testng
14:50:08.792 [ApplicationImpl pooled thread 1049] INFO  com.browserstack.utils.Helpers - null
14:50:08.793 [ApplicationImpl pooled thread 1049] INFO  com.browserstack.utils.Helpers - /Users/sametozcelik/.m2/repository/com/browserstack/browserstack-java-sdk/1.11.0/browserstack-java-sdk-1.11.0.jar
14:50:08.793 [ApplicationImpl pooled thread 1049] INFO  c.b.l.BrowserStackRunExtension - Agent path: /Users/sametozcelik/.m2/repository/com/browserstack/browserstack-java-sdk/1.11.0/browserstack-java-sdk-1.11.0.jar
14:50:08.793 [ApplicationImpl pooled thread 1049] INFO  c.b.l.BrowserStackRunExtension - Plugin version: v1.1.2
15:26:03.450 [ApplicationImpl pooled thread 1093] INFO  c.b.l.BrowserStackRunExtension - testng
15:26:03.450 [ApplicationImpl pooled thread 1093] INFO  com.browserstack.utils.Helpers - null
15:26:03.450 [ApplicationImpl pooled thread 1093] INFO  com.browserstack.utils.Helpers - /Users/sametozcelik/.m2/repository/com/browserstack/browserstack-java-sdk/1.11.0/browserstack-java-sdk-1.11.0.jar
15:26:03.450 [ApplicationImpl pooled thread 1093] INFO  c.b.l.BrowserStackRunExtension - Agent path: /Users/sametozcelik/.m2/repository/com/browserstack/browserstack-java-sdk/1.11.0/browserstack-java-sdk-1.11.0.jar
15:26:03.450 [ApplicationImpl pooled thread 1093] INFO  c.b.l.BrowserStackRunExtension - Plugin version: v1.1.2
15:26:37.029 [ApplicationImpl pooled thread 1099] INFO  c.b.l.BrowserStackRunExtension - testng
15:26:37.029 [ApplicationImpl pooled thread 1099] INFO  com.browserstack.utils.Helpers - null
15:26:37.030 [ApplicationImpl pooled thread 1099] INFO  com.browserstack.utils.Helpers - /Users/sametozcelik/.m2/repository/com/browserstack/browserstack-java-sdk/1.11.0/browserstack-java-sdk-1.11.0.jar
15:26:37.030 [ApplicationImpl pooled thread 1099] INFO  c.b.l.BrowserStackRunExtension - Agent path: /Users/sametozcelik/.m2/repository/com/browserstack/browserstack-java-sdk/1.11.0/browserstack-java-sdk-1.11.0.jar
15:26:37.030 [ApplicationImpl pooled thread 1099] INFO  c.b.l.BrowserStackRunExtension - Plugin version: v1.1.2
15:52:15.005 [ApplicationImpl pooled thread 1114] INFO  c.b.l.BrowserStackRunExtension - testng
15:52:15.006 [ApplicationImpl pooled thread 1114] INFO  com.browserstack.utils.Helpers - null
15:52:15.006 [ApplicationImpl pooled thread 1114] INFO  com.browserstack.utils.Helpers - /Users/sametozcelik/.m2/repository/com/browserstack/browserstack-java-sdk/1.11.0/browserstack-java-sdk-1.11.0.jar
15:52:15.006 [ApplicationImpl pooled thread 1114] INFO  c.b.l.BrowserStackRunExtension - Agent path: /Users/sametozcelik/.m2/repository/com/browserstack/browserstack-java-sdk/1.11.0/browserstack-java-sdk-1.11.0.jar
15:52:15.006 [ApplicationImpl pooled thread 1114] INFO  c.b.l.BrowserStackRunExtension - Plugin version: v1.1.2
15:56:00.343 [ApplicationImpl pooled thread 1113] INFO  c.b.l.BrowserStackRunExtension - testng
15:56:00.343 [ApplicationImpl pooled thread 1113] INFO  com.browserstack.utils.Helpers - null
15:56:00.343 [ApplicationImpl pooled thread 1113] INFO  com.browserstack.utils.Helpers - /Users/sametozcelik/.m2/repository/com/browserstack/browserstack-java-sdk/1.11.0/browserstack-java-sdk-1.11.0.jar
15:56:00.343 [ApplicationImpl pooled thread 1113] INFO  c.b.l.BrowserStackRunExtension - Agent path: /Users/sametozcelik/.m2/repository/com/browserstack/browserstack-java-sdk/1.11.0/browserstack-java-sdk-1.11.0.jar
15:56:00.343 [ApplicationImpl pooled thread 1113] INFO  c.b.l.BrowserStackRunExtension - Plugin version: v1.1.2
16:04:06.916 [ApplicationImpl pooled thread 1117] INFO  c.b.l.BrowserStackRunExtension - testng
16:04:06.916 [ApplicationImpl pooled thread 1117] INFO  com.browserstack.utils.Helpers - null
16:04:06.916 [ApplicationImpl pooled thread 1117] INFO  com.browserstack.utils.Helpers - /Users/sametozcelik/.m2/repository/com/browserstack/browserstack-java-sdk/1.11.0/browserstack-java-sdk-1.11.0.jar
16:04:06.916 [ApplicationImpl pooled thread 1117] INFO  c.b.l.BrowserStackRunExtension - Agent path: /Users/sametozcelik/.m2/repository/com/browserstack/browserstack-java-sdk/1.11.0/browserstack-java-sdk-1.11.0.jar
16:04:06.916 [ApplicationImpl pooled thread 1117] INFO  c.b.l.BrowserStackRunExtension - Plugin version: v1.1.2
16:06:05.181 [ApplicationImpl pooled thread 1127] INFO  c.b.l.BrowserStackRunExtension - testng
16:06:05.181 [ApplicationImpl pooled thread 1127] INFO  com.browserstack.utils.Helpers - null
16:06:05.181 [ApplicationImpl pooled thread 1127] INFO  com.browserstack.utils.Helpers - /Users/sametozcelik/.m2/repository/com/browserstack/browserstack-java-sdk/1.11.0/browserstack-java-sdk-1.11.0.jar
16:06:05.181 [ApplicationImpl pooled thread 1127] INFO  c.b.l.BrowserStackRunExtension - Agent path: /Users/sametozcelik/.m2/repository/com/browserstack/browserstack-java-sdk/1.11.0/browserstack-java-sdk-1.11.0.jar
16:06:05.181 [ApplicationImpl pooled thread 1127] INFO  c.b.l.BrowserStackRunExtension - Plugin version: v1.1.2
16:08:25.694 [ApplicationImpl pooled thread 1130] INFO  c.b.l.BrowserStackRunExtension - testng
16:08:25.694 [ApplicationImpl pooled thread 1130] INFO  com.browserstack.utils.Helpers - null
16:08:25.695 [ApplicationImpl pooled thread 1130] INFO  com.browserstack.utils.Helpers - /Users/sametozcelik/.m2/repository/com/browserstack/browserstack-java-sdk/1.11.0/browserstack-java-sdk-1.11.0.jar
16:08:25.695 [ApplicationImpl pooled thread 1130] INFO  c.b.l.BrowserStackRunExtension - Agent path: /Users/sametozcelik/.m2/repository/com/browserstack/browserstack-java-sdk/1.11.0/browserstack-java-sdk-1.11.0.jar
16:08:25.695 [ApplicationImpl pooled thread 1130] INFO  c.b.l.BrowserStackRunExtension - Plugin version: v1.1.2
16:45:21.609 [ApplicationImpl pooled thread 1153] INFO  c.b.l.BrowserStackRunExtension - testng
16:45:21.610 [ApplicationImpl pooled thread 1153] INFO  com.browserstack.utils.Helpers - null
16:45:21.610 [ApplicationImpl pooled thread 1153] INFO  com.browserstack.utils.Helpers - /Users/sametozcelik/.m2/repository/com/browserstack/browserstack-java-sdk/1.11.0/browserstack-java-sdk-1.11.0.jar
16:45:21.610 [ApplicationImpl pooled thread 1153] INFO  c.b.l.BrowserStackRunExtension - Agent path: /Users/sametozcelik/.m2/repository/com/browserstack/browserstack-java-sdk/1.11.0/browserstack-java-sdk-1.11.0.jar
16:45:21.610 [ApplicationImpl pooled thread 1153] INFO  c.b.l.BrowserStackRunExtension - Plugin version: v1.1.2
16:48:30.054 [ApplicationImpl pooled thread 1169] INFO  c.b.l.BrowserStackRunExtension - testng
16:48:30.055 [ApplicationImpl pooled thread 1169] INFO  com.browserstack.utils.Helpers - null
16:48:30.055 [ApplicationImpl pooled thread 1169] INFO  com.browserstack.utils.Helpers - /Users/sametozcelik/.m2/repository/com/browserstack/browserstack-java-sdk/1.11.0/browserstack-java-sdk-1.11.0.jar
16:48:30.055 [ApplicationImpl pooled thread 1169] INFO  c.b.l.BrowserStackRunExtension - Agent path: /Users/sametozcelik/.m2/repository/com/browserstack/browserstack-java-sdk/1.11.0/browserstack-java-sdk-1.11.0.jar
16:48:30.055 [ApplicationImpl pooled thread 1169] INFO  c.b.l.BrowserStackRunExtension - Plugin version: v1.1.2
16:49:22.875 [ApplicationImpl pooled thread 1168] INFO  c.b.l.BrowserStackRunExtension - testng
16:49:22.875 [ApplicationImpl pooled thread 1168] INFO  com.browserstack.utils.Helpers - null
16:49:22.876 [ApplicationImpl pooled thread 1168] INFO  com.browserstack.utils.Helpers - /Users/sametozcelik/.m2/repository/com/browserstack/browserstack-java-sdk/1.11.0/browserstack-java-sdk-1.11.0.jar
16:49:22.876 [ApplicationImpl pooled thread 1168] INFO  c.b.l.BrowserStackRunExtension - Agent path: /Users/sametozcelik/.m2/repository/com/browserstack/browserstack-java-sdk/1.11.0/browserstack-java-sdk-1.11.0.jar
16:49:22.876 [ApplicationImpl pooled thread 1168] INFO  c.b.l.BrowserStackRunExtension - Plugin version: v1.1.2
16:49:39.067 [ApplicationImpl pooled thread 1175] INFO  c.b.l.BrowserStackRunExtension - testng
16:49:39.067 [ApplicationImpl pooled thread 1175] INFO  com.browserstack.utils.Helpers - null
16:49:39.067 [ApplicationImpl pooled thread 1175] INFO  com.browserstack.utils.Helpers - /Users/sametozcelik/.m2/repository/com/browserstack/browserstack-java-sdk/1.11.0/browserstack-java-sdk-1.11.0.jar
16:49:39.067 [ApplicationImpl pooled thread 1175] INFO  c.b.l.BrowserStackRunExtension - Agent path: /Users/sametozcelik/.m2/repository/com/browserstack/browserstack-java-sdk/1.11.0/browserstack-java-sdk-1.11.0.jar
16:49:39.067 [ApplicationImpl pooled thread 1175] INFO  c.b.l.BrowserStackRunExtension - Plugin version: v1.1.2
16:51:59.903 [ApplicationImpl pooled thread 1169] INFO  c.b.l.BrowserStackRunExtension - testng
16:51:59.903 [ApplicationImpl pooled thread 1169] INFO  com.browserstack.utils.Helpers - null
16:51:59.904 [ApplicationImpl pooled thread 1169] INFO  com.browserstack.utils.Helpers - /Users/sametozcelik/.m2/repository/com/browserstack/browserstack-java-sdk/1.11.0/browserstack-java-sdk-1.11.0.jar
16:51:59.904 [ApplicationImpl pooled thread 1169] INFO  c.b.l.BrowserStackRunExtension - Agent path: /Users/sametozcelik/.m2/repository/com/browserstack/browserstack-java-sdk/1.11.0/browserstack-java-sdk-1.11.0.jar
16:51:59.904 [ApplicationImpl pooled thread 1169] INFO  c.b.l.BrowserStackRunExtension - Plugin version: v1.1.2
16:52:53.512 [ApplicationImpl pooled thread 1175] INFO  c.b.l.BrowserStackRunExtension - testng
16:52:53.512 [ApplicationImpl pooled thread 1175] INFO  com.browserstack.utils.Helpers - null
16:52:53.512 [ApplicationImpl pooled thread 1175] INFO  com.browserstack.utils.Helpers - /Users/sametozcelik/.m2/repository/com/browserstack/browserstack-java-sdk/1.11.0/browserstack-java-sdk-1.11.0.jar
16:52:53.512 [ApplicationImpl pooled thread 1175] INFO  c.b.l.BrowserStackRunExtension - Agent path: /Users/sametozcelik/.m2/repository/com/browserstack/browserstack-java-sdk/1.11.0/browserstack-java-sdk-1.11.0.jar
16:52:53.512 [ApplicationImpl pooled thread 1175] INFO  c.b.l.BrowserStackRunExtension - Plugin version: v1.1.2
16:53:22.510 [ApplicationImpl pooled thread 1178] INFO  c.b.l.BrowserStackRunExtension - testng
16:53:22.510 [ApplicationImpl pooled thread 1178] INFO  com.browserstack.utils.Helpers - null
16:53:22.510 [ApplicationImpl pooled thread 1178] INFO  com.browserstack.utils.Helpers - /Users/sametozcelik/.m2/repository/com/browserstack/browserstack-java-sdk/1.11.0/browserstack-java-sdk-1.11.0.jar
16:53:22.510 [ApplicationImpl pooled thread 1178] INFO  c.b.l.BrowserStackRunExtension - Agent path: /Users/sametozcelik/.m2/repository/com/browserstack/browserstack-java-sdk/1.11.0/browserstack-java-sdk-1.11.0.jar
16:53:22.510 [ApplicationImpl pooled thread 1178] INFO  c.b.l.BrowserStackRunExtension - Plugin version: v1.1.2
16:53:45.973 [ApplicationImpl pooled thread 1169] INFO  c.b.l.BrowserStackRunExtension - testng
16:53:45.973 [ApplicationImpl pooled thread 1169] INFO  com.browserstack.utils.Helpers - null
16:53:45.973 [ApplicationImpl pooled thread 1169] INFO  com.browserstack.utils.Helpers - /Users/sametozcelik/.m2/repository/com/browserstack/browserstack-java-sdk/1.11.0/browserstack-java-sdk-1.11.0.jar
16:53:45.973 [ApplicationImpl pooled thread 1169] INFO  c.b.l.BrowserStackRunExtension - Agent path: /Users/sametozcelik/.m2/repository/com/browserstack/browserstack-java-sdk/1.11.0/browserstack-java-sdk-1.11.0.jar
16:53:45.973 [ApplicationImpl pooled thread 1169] INFO  c.b.l.BrowserStackRunExtension - Plugin version: v1.1.2
16:57:19.898 [ApplicationImpl pooled thread 1155] INFO  c.b.l.BrowserStackRunExtension - testng
16:57:19.898 [ApplicationImpl pooled thread 1155] INFO  com.browserstack.utils.Helpers - null
16:57:19.898 [ApplicationImpl pooled thread 1155] INFO  com.browserstack.utils.Helpers - /Users/sametozcelik/.m2/repository/com/browserstack/browserstack-java-sdk/1.11.0/browserstack-java-sdk-1.11.0.jar
16:57:19.898 [ApplicationImpl pooled thread 1155] INFO  c.b.l.BrowserStackRunExtension - Agent path: /Users/sametozcelik/.m2/repository/com/browserstack/browserstack-java-sdk/1.11.0/browserstack-java-sdk-1.11.0.jar
16:57:19.898 [ApplicationImpl pooled thread 1155] INFO  c.b.l.BrowserStackRunExtension - Plugin version: v1.1.2
17:08:39.472 [ApplicationImpl pooled thread 1175] INFO  c.b.l.BrowserStackRunExtension - testng
17:08:39.472 [ApplicationImpl pooled thread 1175] INFO  com.browserstack.utils.Helpers - null
17:08:39.472 [ApplicationImpl pooled thread 1175] INFO  com.browserstack.utils.Helpers - /Users/sametozcelik/.m2/repository/com/browserstack/browserstack-java-sdk/1.11.0/browserstack-java-sdk-1.11.0.jar
17:08:39.472 [ApplicationImpl pooled thread 1175] INFO  c.b.l.BrowserStackRunExtension - Agent path: /Users/sametozcelik/.m2/repository/com/browserstack/browserstack-java-sdk/1.11.0/browserstack-java-sdk-1.11.0.jar
17:08:39.472 [ApplicationImpl pooled thread 1175] INFO  c.b.l.BrowserStackRunExtension - Plugin version: v1.1.2
17:18:23.882 [ApplicationImpl pooled thread 1198] INFO  c.b.l.BrowserStackRunExtension - testng
17:18:23.883 [ApplicationImpl pooled thread 1198] INFO  com.browserstack.utils.Helpers - null
17:18:23.883 [ApplicationImpl pooled thread 1198] INFO  com.browserstack.utils.Helpers - /Users/sametozcelik/.m2/repository/com/browserstack/browserstack-java-sdk/1.11.0/browserstack-java-sdk-1.11.0.jar
17:18:23.883 [ApplicationImpl pooled thread 1198] INFO  c.b.l.BrowserStackRunExtension - Agent path: /Users/sametozcelik/.m2/repository/com/browserstack/browserstack-java-sdk/1.11.0/browserstack-java-sdk-1.11.0.jar
17:18:23.883 [ApplicationImpl pooled thread 1198] INFO  c.b.l.BrowserStackRunExtension - Plugin version: v1.1.2
17:21:22.825 [ApplicationImpl pooled thread 1203] INFO  c.b.l.BrowserStackRunExtension - testng
17:21:22.825 [ApplicationImpl pooled thread 1203] INFO  com.browserstack.utils.Helpers - null
17:21:22.825 [ApplicationImpl pooled thread 1203] INFO  com.browserstack.utils.Helpers - /Users/sametozcelik/.m2/repository/com/browserstack/browserstack-java-sdk/1.11.0/browserstack-java-sdk-1.11.0.jar
17:21:22.825 [ApplicationImpl pooled thread 1203] INFO  c.b.l.BrowserStackRunExtension - Agent path: /Users/sametozcelik/.m2/repository/com/browserstack/browserstack-java-sdk/1.11.0/browserstack-java-sdk-1.11.0.jar
17:21:22.825 [ApplicationImpl pooled thread 1203] INFO  c.b.l.BrowserStackRunExtension - Plugin version: v1.1.2
17:24:52.469 [ApplicationImpl pooled thread 1209] INFO  c.b.l.BrowserStackRunExtension - testng
17:24:52.469 [ApplicationImpl pooled thread 1209] INFO  com.browserstack.utils.Helpers - null
17:24:52.469 [ApplicationImpl pooled thread 1209] INFO  com.browserstack.utils.Helpers - /Users/sametozcelik/.m2/repository/com/browserstack/browserstack-java-sdk/1.11.0/browserstack-java-sdk-1.11.0.jar
17:24:52.469 [ApplicationImpl pooled thread 1209] INFO  c.b.l.BrowserStackRunExtension - Agent path: /Users/sametozcelik/.m2/repository/com/browserstack/browserstack-java-sdk/1.11.0/browserstack-java-sdk-1.11.0.jar
17:24:52.469 [ApplicationImpl pooled thread 1209] INFO  c.b.l.BrowserStackRunExtension - Plugin version: v1.1.2
17:29:19.832 [ApplicationImpl pooled thread 1213] INFO  c.b.l.BrowserStackRunExtension - testng
17:29:19.832 [ApplicationImpl pooled thread 1213] INFO  com.browserstack.utils.Helpers - null
17:29:19.833 [ApplicationImpl pooled thread 1213] INFO  com.browserstack.utils.Helpers - /Users/sametozcelik/.m2/repository/com/browserstack/browserstack-java-sdk/1.11.0/browserstack-java-sdk-1.11.0.jar
17:29:19.833 [ApplicationImpl pooled thread 1213] INFO  c.b.l.BrowserStackRunExtension - Agent path: /Users/sametozcelik/.m2/repository/com/browserstack/browserstack-java-sdk/1.11.0/browserstack-java-sdk-1.11.0.jar
17:29:19.833 [ApplicationImpl pooled thread 1213] INFO  c.b.l.BrowserStackRunExtension - Plugin version: v1.1.2
17:30:46.756 [ApplicationImpl pooled thread 1228] INFO  c.b.l.BrowserStackRunExtension - testng
17:30:46.756 [ApplicationImpl pooled thread 1228] INFO  com.browserstack.utils.Helpers - null
17:30:46.756 [ApplicationImpl pooled thread 1228] INFO  com.browserstack.utils.Helpers - /Users/sametozcelik/.m2/repository/com/browserstack/browserstack-java-sdk/1.11.0/browserstack-java-sdk-1.11.0.jar
17:30:46.756 [ApplicationImpl pooled thread 1228] INFO  c.b.l.BrowserStackRunExtension - Agent path: /Users/sametozcelik/.m2/repository/com/browserstack/browserstack-java-sdk/1.11.0/browserstack-java-sdk-1.11.0.jar
17:30:46.756 [ApplicationImpl pooled thread 1228] INFO  c.b.l.BrowserStackRunExtension - Plugin version: v1.1.2
17:36:32.344 [ApplicationImpl pooled thread 1232] INFO  c.b.l.BrowserStackRunExtension - testng
17:36:32.345 [ApplicationImpl pooled thread 1232] INFO  com.browserstack.utils.Helpers - null
17:36:32.346 [ApplicationImpl pooled thread 1232] INFO  com.browserstack.utils.Helpers - /Users/sametozcelik/.m2/repository/com/browserstack/browserstack-java-sdk/1.11.0/browserstack-java-sdk-1.11.0.jar
17:36:32.346 [ApplicationImpl pooled thread 1232] INFO  c.b.l.BrowserStackRunExtension - Agent path: /Users/sametozcelik/.m2/repository/com/browserstack/browserstack-java-sdk/1.11.0/browserstack-java-sdk-1.11.0.jar
17:36:32.346 [ApplicationImpl pooled thread 1232] INFO  c.b.l.BrowserStackRunExtension - Plugin version: v1.1.2
19:29:35.490 [ApplicationImpl pooled thread 1296] INFO  c.b.l.BrowserStackRunExtension - testng
19:29:35.491 [ApplicationImpl pooled thread 1296] INFO  com.browserstack.utils.Helpers - null
19:29:35.491 [ApplicationImpl pooled thread 1296] INFO  com.browserstack.utils.Helpers - /Users/sametozcelik/.m2/repository/com/browserstack/browserstack-java-sdk/1.11.0/browserstack-java-sdk-1.11.0.jar
19:29:35.491 [ApplicationImpl pooled thread 1296] INFO  c.b.l.BrowserStackRunExtension - Agent path: /Users/sametozcelik/.m2/repository/com/browserstack/browserstack-java-sdk/1.11.0/browserstack-java-sdk-1.11.0.jar
19:29:35.491 [ApplicationImpl pooled thread 1296] INFO  c.b.l.BrowserStackRunExtension - Plugin version: v1.1.2
19:37:54.105 [ApplicationImpl pooled thread 1306] INFO  c.b.l.BrowserStackRunExtension - testng
19:37:54.106 [ApplicationImpl pooled thread 1306] INFO  com.browserstack.utils.Helpers - null
19:37:54.106 [ApplicationImpl pooled thread 1306] INFO  com.browserstack.utils.Helpers - /Users/sametozcelik/.m2/repository/com/browserstack/browserstack-java-sdk/1.11.0/browserstack-java-sdk-1.11.0.jar
19:37:54.106 [ApplicationImpl pooled thread 1306] INFO  c.b.l.BrowserStackRunExtension - Agent path: /Users/sametozcelik/.m2/repository/com/browserstack/browserstack-java-sdk/1.11.0/browserstack-java-sdk-1.11.0.jar
19:37:54.106 [ApplicationImpl pooled thread 1306] INFO  c.b.l.BrowserStackRunExtension - Plugin version: v1.1.2
19:45:39.955 [ApplicationImpl pooled thread 1318] INFO  c.b.l.BrowserStackRunExtension - testng
19:45:39.955 [ApplicationImpl pooled thread 1318] INFO  com.browserstack.utils.Helpers - null
19:45:39.956 [ApplicationImpl pooled thread 1318] INFO  com.browserstack.utils.Helpers - /Users/sametozcelik/.m2/repository/com/browserstack/browserstack-java-sdk/1.11.0/browserstack-java-sdk-1.11.0.jar
19:45:39.956 [ApplicationImpl pooled thread 1318] INFO  c.b.l.BrowserStackRunExtension - Agent path: /Users/sametozcelik/.m2/repository/com/browserstack/browserstack-java-sdk/1.11.0/browserstack-java-sdk-1.11.0.jar
19:45:39.956 [ApplicationImpl pooled thread 1318] INFO  c.b.l.BrowserStackRunExtension - Plugin version: v1.1.2
19:56:25.124 [ApplicationImpl pooled thread 1317] INFO  c.b.l.BrowserStackRunExtension - testng
19:56:25.125 [ApplicationImpl pooled thread 1317] INFO  com.browserstack.utils.Helpers - null
19:56:25.125 [ApplicationImpl pooled thread 1317] INFO  com.browserstack.utils.Helpers - /Users/sametozcelik/.m2/repository/com/browserstack/browserstack-java-sdk/1.11.0/browserstack-java-sdk-1.11.0.jar
19:56:25.125 [ApplicationImpl pooled thread 1317] INFO  c.b.l.BrowserStackRunExtension - Agent path: /Users/sametozcelik/.m2/repository/com/browserstack/browserstack-java-sdk/1.11.0/browserstack-java-sdk-1.11.0.jar
19:56:25.125 [ApplicationImpl pooled thread 1317] INFO  c.b.l.BrowserStackRunExtension - Plugin version: v1.1.2
20:02:05.733 [ApplicationImpl pooled thread 1332] INFO  c.b.l.BrowserStackRunExtension - testng
20:02:05.734 [ApplicationImpl pooled thread 1332] INFO  com.browserstack.utils.Helpers - null
20:02:05.734 [ApplicationImpl pooled thread 1332] INFO  com.browserstack.utils.Helpers - /Users/sametozcelik/.m2/repository/com/browserstack/browserstack-java-sdk/1.11.0/browserstack-java-sdk-1.11.0.jar
20:02:05.734 [ApplicationImpl pooled thread 1332] INFO  c.b.l.BrowserStackRunExtension - Agent path: /Users/sametozcelik/.m2/repository/com/browserstack/browserstack-java-sdk/1.11.0/browserstack-java-sdk-1.11.0.jar
20:02:05.734 [ApplicationImpl pooled thread 1332] INFO  c.b.l.BrowserStackRunExtension - Plugin version: v1.1.2
20:04:50.332 [ApplicationImpl pooled thread 1330] INFO  c.b.l.BrowserStackRunExtension - testng
20:04:50.332 [ApplicationImpl pooled thread 1330] INFO  com.browserstack.utils.Helpers - null
20:04:50.332 [ApplicationImpl pooled thread 1330] INFO  com.browserstack.utils.Helpers - /Users/sametozcelik/.m2/repository/com/browserstack/browserstack-java-sdk/1.11.0/browserstack-java-sdk-1.11.0.jar
20:04:50.332 [ApplicationImpl pooled thread 1330] INFO  c.b.l.BrowserStackRunExtension - Agent path: /Users/sametozcelik/.m2/repository/com/browserstack/browserstack-java-sdk/1.11.0/browserstack-java-sdk-1.11.0.jar
20:04:50.332 [ApplicationImpl pooled thread 1330] INFO  c.b.l.BrowserStackRunExtension - Plugin version: v1.1.2
20:41:56.205 [ApplicationImpl pooled thread 1352] INFO  c.b.l.BrowserStackRunExtension - testng
20:41:56.205 [ApplicationImpl pooled thread 1352] INFO  com.browserstack.utils.Helpers - null
20:41:56.205 [ApplicationImpl pooled thread 1352] INFO  com.browserstack.utils.Helpers - /Users/sametozcelik/.m2/repository/com/browserstack/browserstack-java-sdk/1.11.0/browserstack-java-sdk-1.11.0.jar
20:41:56.205 [ApplicationImpl pooled thread 1352] INFO  c.b.l.BrowserStackRunExtension - Agent path: /Users/sametozcelik/.m2/repository/com/browserstack/browserstack-java-sdk/1.11.0/browserstack-java-sdk-1.11.0.jar
20:41:56.205 [ApplicationImpl pooled thread 1352] INFO  c.b.l.BrowserStackRunExtension - Plugin version: v1.1.2
20:50:53.256 [ApplicationImpl pooled thread 1368] INFO  c.b.l.BrowserStackRunExtension - testng
20:50:53.256 [ApplicationImpl pooled thread 1368] INFO  com.browserstack.utils.Helpers - null
20:50:53.256 [ApplicationImpl pooled thread 1368] INFO  com.browserstack.utils.Helpers - /Users/sametozcelik/.m2/repository/com/browserstack/browserstack-java-sdk/1.11.0/browserstack-java-sdk-1.11.0.jar
20:50:53.256 [ApplicationImpl pooled thread 1368] INFO  c.b.l.BrowserStackRunExtension - Agent path: /Users/sametozcelik/.m2/repository/com/browserstack/browserstack-java-sdk/1.11.0/browserstack-java-sdk-1.11.0.jar
20:50:53.256 [ApplicationImpl pooled thread 1368] INFO  c.b.l.BrowserStackRunExtension - Plugin version: v1.1.2
20:53:03.860 [ApplicationImpl pooled thread 1374] INFO  c.b.l.BrowserStackRunExtension - testng
20:53:03.860 [ApplicationImpl pooled thread 1374] INFO  com.browserstack.utils.Helpers - null
20:53:03.860 [ApplicationImpl pooled thread 1374] INFO  com.browserstack.utils.Helpers - /Users/sametozcelik/.m2/repository/com/browserstack/browserstack-java-sdk/1.11.0/browserstack-java-sdk-1.11.0.jar
20:53:03.860 [ApplicationImpl pooled thread 1374] INFO  c.b.l.BrowserStackRunExtension - Agent path: /Users/sametozcelik/.m2/repository/com/browserstack/browserstack-java-sdk/1.11.0/browserstack-java-sdk-1.11.0.jar
20:53:03.860 [ApplicationImpl pooled thread 1374] INFO  c.b.l.BrowserStackRunExtension - Plugin version: v1.1.2
20:55:29.951 [ApplicationImpl pooled thread 1374] INFO  c.b.l.BrowserStackRunExtension - testng
20:55:29.952 [ApplicationImpl pooled thread 1374] INFO  com.browserstack.utils.Helpers - null
20:55:29.952 [ApplicationImpl pooled thread 1374] INFO  com.browserstack.utils.Helpers - /Users/sametozcelik/.m2/repository/com/browserstack/browserstack-java-sdk/1.11.0/browserstack-java-sdk-1.11.0.jar
20:55:29.952 [ApplicationImpl pooled thread 1374] INFO  c.b.l.BrowserStackRunExtension - Agent path: /Users/sametozcelik/.m2/repository/com/browserstack/browserstack-java-sdk/1.11.0/browserstack-java-sdk-1.11.0.jar
20:55:29.952 [ApplicationImpl pooled thread 1374] INFO  c.b.l.BrowserStackRunExtension - Plugin version: v1.1.2
21:32:42.027 [ApplicationImpl pooled thread 1406] INFO  c.b.l.BrowserStackRunExtension - testng
21:32:42.027 [ApplicationImpl pooled thread 1406] INFO  com.browserstack.utils.Helpers - null
21:32:42.027 [ApplicationImpl pooled thread 1406] INFO  com.browserstack.utils.Helpers - /Users/sametozcelik/.m2/repository/com/browserstack/browserstack-java-sdk/1.11.0/browserstack-java-sdk-1.11.0.jar
21:32:42.027 [ApplicationImpl pooled thread 1406] INFO  c.b.l.BrowserStackRunExtension - Agent path: /Users/sametozcelik/.m2/repository/com/browserstack/browserstack-java-sdk/1.11.0/browserstack-java-sdk-1.11.0.jar
21:32:42.027 [ApplicationImpl pooled thread 1406] INFO  c.b.l.BrowserStackRunExtension - Plugin version: v1.1.2
21:58:42.489 [ApplicationImpl pooled thread 1438] INFO  c.b.l.BrowserStackRunExtension - testng
21:58:42.490 [ApplicationImpl pooled thread 1438] INFO  com.browserstack.utils.Helpers - null
21:58:42.490 [ApplicationImpl pooled thread 1438] INFO  com.browserstack.utils.Helpers - /Users/sametozcelik/.m2/repository/com/browserstack/browserstack-java-sdk/1.11.0/browserstack-java-sdk-1.11.0.jar
21:58:42.490 [ApplicationImpl pooled thread 1438] INFO  c.b.l.BrowserStackRunExtension - Agent path: /Users/sametozcelik/.m2/repository/com/browserstack/browserstack-java-sdk/1.11.0/browserstack-java-sdk-1.11.0.jar
21:58:42.490 [ApplicationImpl pooled thread 1438] INFO  c.b.l.BrowserStackRunExtension - Plugin version: v1.1.2
